#-----------------------------------------------------------
# Webtalk v2017.2 (64-bit)
# SW Build 1909853 on Thu Jun 15 18:39:09 MDT 2017
# 
# Start of session at: Sun Oct 29 22:46:14 2017
# Process ID: 12652
# Current directory: D:/BakkArbeit/git/VivadoProject/PicroRV/PicroRV.sdk/webtalk
# Command line: wbtcv.exe -mode batch -source sdk_webtalk.tcl
# Log file: D:/BakkArbeit/git/VivadoProject/PicroRV/PicroRV.sdk/webtalk/webtalk.log
# Journal file: D:/BakkArbeit/git/VivadoProject/PicroRV/PicroRV.sdk/webtalk\webtalk.jou
#-----------------------------------------------------------
source sdk_webtalk.tcl
# webtalk_init -webtalk_dir D:\\BakkArbeit\\git\\VivadoProject\\PicroRV\\PicroRV.sdk\\webtalk
# webtalk_register_client -client project
# webtalk_add_data -client project -key date_generated -value "2017-10-29 22:46:12" -context "software_version_and_target_device"
# webtalk_add_data -client project -key product_version -value "SDK v2017.2" -context "software_version_and_target_device"
# webtalk_add_data -client project -key build_version -value "2017.2" -context "software_version_and_target_device"
# webtalk_add_data -client project -key os_platform -value "amd64" -context "software_version_and_target_device"
# webtalk_add_data -client project -key registration_id -value "" -context "software_version_and_target_device"
# webtalk_add_data -client project -key tool_flow -value "SDK" -context "software_version_and_target_device"
# webtalk_add_data -client project -key beta -value "false" -context "software_version_and_target_device"
# webtalk_add_data -client project -key route_design -value "NA" -context "software_version_and_target_device"
# webtalk_add_data -client project -key target_family -value "NA" -context "software_version_and_target_device"
# webtalk_add_data -client project -key target_device -value "NA" -context "software_version_and_target_device"
# webtalk_add_data -client project -key target_package -value "NA" -context "software_version_and_target_device"
# webtalk_add_data -client project -key target_speed -value "NA" -context "software_version_and_target_device"
# webtalk_add_data -client project -key random_id -value "81ho1p38ou7fam062ricb082uk" -context "software_version_and_target_device"
# webtalk_add_data -client project -key project_id -value "2017.2_3" -context "software_version_and_target_device"
# webtalk_add_data -client project -key project_iteration -value "3" -context "software_version_and_target_device"
# webtalk_add_data -client project -key os_name -value "Microsoft Windows 8 or later , 64-bit" -context "user_environment"
# webtalk_add_data -client project -key os_release -value "major release  (build 9200)" -context "user_environment"
# webtalk_add_data -client project -key cpu_name -value "AMD FX(tm)-4170 Quad-Core Processor            " -context "user_environment"
# webtalk_add_data -client project -key cpu_speed -value "4521 MHz" -context "user_environment"
# webtalk_add_data -client project -key total_processors -value "1" -context "user_environment"
# webtalk_add_data -client project -key system_ram -value "8.000 GB" -context "user_environment"
# webtalk_register_client -client sdk
# webtalk_add_data -client sdk -key uid -value "1509312186812" -context "sdk\\\\bsp/1509312186812"
# webtalk_add_data -client sdk -key hwid -value "1509312048464" -context "sdk\\\\bsp/1509312186812"
# webtalk_add_data -client sdk -key os -value "standalone" -context "sdk\\\\bsp/1509312186812"
# webtalk_add_data -client sdk -key apptemplate -value "zynq_fsbl" -context "sdk\\\\bsp/1509312186812"
# webtalk_add_data -client sdk -key RecordType -value "BSPCreation" -context "sdk\\\\bsp/1509312186812"
# webtalk_add_data -client sdk -key uid -value "1509312203979" -context "sdk\\\\application/1509312203979"
# webtalk_add_data -client sdk -key hwid -value "1509312048464" -context "sdk\\\\application/1509312203979"
# webtalk_add_data -client sdk -key bspid -value "1509312186812" -context "sdk\\\\application/1509312203979"
# webtalk_add_data -client sdk -key newbsp -value "true" -context "sdk\\\\application/1509312203979"
# webtalk_add_data -client sdk -key os -value "standalone" -context "sdk\\\\application/1509312203979"
# webtalk_add_data -client sdk -key apptemplate -value "zynq_fsbl" -context "sdk\\\\application/1509312203979"
# webtalk_add_data -client sdk -key RecordType -value "APPCreation" -context "sdk\\\\application/1509312203979"
# webtalk_add_data -client sdk -key LangUsed -value "C" -context "sdk\\\\application/1509312203979"
# webtalk_add_data -client sdk -key Procused -value "ps7_cortexa9" -context "sdk\\\\application/1509312203979"
# webtalk_add_data -client sdk -key uid -value "1509313151626" -context "sdk\\\\bsp/1509313151626"
# webtalk_add_data -client sdk -key hwid -value "1509312048464" -context "sdk\\\\bsp/1509313151626"
# webtalk_add_data -client sdk -key os -value "standalone" -context "sdk\\\\bsp/1509313151626"
# webtalk_add_data -client sdk -key apptemplate -value "zynq_fsbl" -context "sdk\\\\bsp/1509313151626"
# webtalk_add_data -client sdk -key RecordType -value "BSPCreation" -context "sdk\\\\bsp/1509313151626"
# webtalk_add_data -client sdk -key uid -value "1509313165392" -context "sdk\\\\application/1509313165392"
# webtalk_add_data -client sdk -key hwid -value "1509312048464" -context "sdk\\\\application/1509313165392"
# webtalk_add_data -client sdk -key bspid -value "1509313151626" -context "sdk\\\\application/1509313165392"
# webtalk_add_data -client sdk -key newbsp -value "true" -context "sdk\\\\application/1509313165392"
# webtalk_add_data -client sdk -key os -value "standalone" -context "sdk\\\\application/1509313165392"
# webtalk_add_data -client sdk -key apptemplate -value "zynq_fsbl" -context "sdk\\\\application/1509313165392"
# webtalk_add_data -client sdk -key RecordType -value "APPCreation" -context "sdk\\\\application/1509313165392"
# webtalk_add_data -client sdk -key LangUsed -value "C" -context "sdk\\\\application/1509313165392"
# webtalk_add_data -client sdk -key Procused -value "ps7_cortexa9" -context "sdk\\\\application/1509313165392"
# webtalk_add_data -client sdk -key projSize -value "339.0546875" -context "sdk\\\\application/1509313165392"
# webtalk_add_data -client sdk -key uid -value "NA" -context "sdk\\\\bsp/1509313572437"
# webtalk_add_data -client sdk -key RecordType -value "ToolUsage" -context "sdk\\\\bsp/1509313572437"
# webtalk_add_data -client sdk -key BootgenCount -value "2" -context "sdk\\\\bsp/1509313572437"
# webtalk_add_data -client sdk -key DebugCount -value "0" -context "sdk\\\\bsp/1509313572437"
# webtalk_add_data -client sdk -key PerfCount -value "0" -context "sdk\\\\bsp/1509313572437"
# webtalk_add_data -client sdk -key FlashCount -value "2" -context "sdk\\\\bsp/1509313572437"
# webtalk_add_data -client sdk -key CrossTriggCount -value "0" -context "sdk\\\\bsp/1509313572437"
# webtalk_add_data -client sdk -key QemuDebugCount -value "0" -context "sdk\\\\bsp/1509313572437"
# webtalk_transmit -clientid 2193775541 -regid "" -xml D:\\BakkArbeit\\git\\VivadoProject\\PicroRV\\PicroRV.sdk\\webtalk\\usage_statistics_ext_sdk.xml -html D:\\BakkArbeit\\git\\VivadoProject\\PicroRV\\PicroRV.sdk\\webtalk\\usage_statistics_ext_sdk.html -wdm D:\\BakkArbeit\\git\\VivadoProject\\PicroRV\\PicroRV.sdk\\webtalk\\sdk_webtalk.wdm -intro "<H3>SDK Usage Report</H3><BR>"
INFO: [Common 17-186] 'D:\BakkArbeit\git\VivadoProject\PicroRV\PicroRV.sdk\webtalk\usage_statistics_ext_sdk.xml' has been successfully sent to Xilinx on Sun Oct 29 22:46:20 2017. For additional details about this file, please refer to the WebTalk help file at D:/Vivado2017/SDK/2017.2/doc/webtalk_introduction.html.
# webtalk_terminate
INFO: [Common 17-206] Exiting Webtalk at Sun Oct 29 22:46:20 2017...
