Exception at PC 0x00007FFB261B9D98
Exception at PC 0x00007FFB261B9D98
Exception at PC 0x00007FFB261B9D98
Exception at PC 0x00007FFB261B9D98
Exception at PC 0x00007FFB0723E132
Attemped to write at address 0x00007FFAF9374AA4
Printing stacktrace...

[0]  [0x00007FFB0723E132]
[1]  [0x00007FFB0723E132]
[2]  [0x00007FFB0723E194]
[3]  [0x00007FFB06E8D0D7]
[4]  [0x00007FFB06D72BCA]
[5]  [0x00007FFB06D72FD1]
[6]  [0x00007FFB0723EB2F]
[7]  [0x00007FFB070FC19D]
[8]  [0x00007FFB070F5942]
[9]  [0x00007FFB070F5AB5]
[10] (RtlDeactivateActivationContextUnsafeFast+0x1af) [0x00007FFB28E6485F]
[11] (LdrShutdownProcess+0x12c) [0x00007FFB28E8D43C]
[12] (RtlExitUserProcess+0xb4) [0x00007FFB28E8D2F4]
[13] (FatalExit+0xa) [0x00007FFB2731C0DA]
[14] (exit+0x75) [0x00007FFB26F1A045]
[15] (initterm_e+0x21d) [0x00007FFB26F1A68D]
[16]  [0x00000000004014CD]
[17]  [0x000000000040151B]
[18] (BaseThreadInitThunk+0x14) [0x00007FFB27312774]
[19] (RtlUserThreadStart+0x21) [0x00007FFB28EB0D51]
Done
