Vivado Simulator 2017.4
Time resolution is 1 ps
Stopped at time : 45 ns : File "D:/BakkArbeit/git/VivadoProject2/BakkArbeit2.srcs/AddressDecoderTB/new/AddressDevoderTB.v" Line 60
Stopped at time : 45 ns : File "D:/BakkArbeit/git/VivadoProject2/BakkArbeit2.srcs/AddressDecoderTB/new/AddressDevoderTB.v" Line 61
Stopped at time : 45 ns : File "D:/BakkArbeit/git/VivadoProject2/BakkArbeit2.srcs/AddressDecoderTB/new/AddressDevoderTB.v" Line 62
Stopped at time : 45 ns : File "D:/BakkArbeit/git/VivadoProject2/BakkArbeit2.srcs/AddressDecoderTB/new/AddressDevoderTB.v" Line 63
Stopped at time : 45 ns : File "D:/BakkArbeit/git/VivadoProject2/BakkArbeit2.srcs/AddressDecoderTB/new/AddressDevoderTB.v" Line 83
Stopped at time : 45 ns : File "D:/BakkArbeit/git/VivadoProject2/BakkArbeit2.srcs/AddressDecoderTB/new/AddressDevoderTB.v" Line 29
Stopped at time : 45 ns : File "D:/BakkArbeit/git/VivadoProject2/BakkArbeit2.srcs/sources_1/imports/new/Out_bank.v" Line 64
Stopped at time : 45 ns : File "D:/BakkArbeit/git/VivadoProject2/BakkArbeit2.srcs/sources_1/imports/new/Out_bank.v" Line 63
Stopped at time : 45 ns : File "D:/BakkArbeit/git/VivadoProject2/BakkArbeit2.srcs/sources_1/new/Address_Decoder.v" Line 87
Stopped at time : 45 ns : File "D:/BakkArbeit/git/VivadoProject2/BakkArbeit2.srcs/sources_1/new/Address_Decoder.v" Line 90
Stopped at time : 45 ns : File "D:/BakkArbeit/git/VivadoProject2/BakkArbeit2.srcs/sources_1/new/Address_Decoder.v" Line 99
Stopped at time : 45 ns : File "D:/BakkArbeit/git/VivadoProject2/BakkArbeit2.srcs/sources_1/new/Address_Decoder.v" Line 100
Stopped at time : 45 ns : File "D:/BakkArbeit/git/VivadoProject2/BakkArbeit2.srcs/sources_1/new/Address_Decoder.v" Line 101
Stopped at time : 45 ns : File "D:/BakkArbeit/git/VivadoProject2/BakkArbeit2.srcs/sources_1/new/Address_Decoder.v" Line 102
Stopped at time : 45 ns : File "D:/BakkArbeit/git/VivadoProject2/BakkArbeit2.srcs/sources_1/new/Address_Decoder.v" Line 104
Stopped at time : 45 ns : File "D:/BakkArbeit/git/VivadoProject2/BakkArbeit2.srcs/sources_1/new/Address_Decoder.v" Line 105
Stopped at time : 45 ns : File "D:/BakkArbeit/git/VivadoProject2/BakkArbeit2.srcs/sources_1/new/Address_Decoder.v" Line 112
Stopped at time : 45 ns : File "D:/BakkArbeit/git/VivadoProject2/BakkArbeit2.srcs/sources_1/new/Address_Decoder.v" Line 85
Stopped at time : 45 ns : File "D:/BakkArbeit/git/VivadoProject2/BakkArbeit2.srcs/sources_1/imports/new/Out_bank.v" Line 128
Stopped at time : 45 ns : File "D:/BakkArbeit/git/VivadoProject2/BakkArbeit2.srcs/sources_1/imports/new/Out_bank.v" Line 153
Stopped at time : 45 ns : File "D:/BakkArbeit/git/VivadoProject2/BakkArbeit2.srcs/sources_1/imports/new/Out_bank.v" Line 160
Stopped at time : 45 ns : File "D:/BakkArbeit/git/VivadoProject2/BakkArbeit2.srcs/sources_1/imports/new/Out_bank.v" Line 161
Stopped at time : 45 ns : File "D:/BakkArbeit/git/VivadoProject2/BakkArbeit2.srcs/sources_1/imports/new/Out_bank.v" Line 126
Stopped at time : 45 ns : File "D:/BakkArbeit/git/VivadoProject2/BakkArbeit2.srcs/sources_1/new/Address_Decoder.v" Line 125
