Exception at PC 0x00007FFAAA6C9D98
Exception at PC 0x00007FFAAA6C9D98
Exception at PC 0x00007FFAAA6C9D98
Exception at PC 0x00007FFAAA6C9D98
Exception at PC 0x00007FFA3AE2E132
Attemped to write at address 0x00007FFA70094AA4
Printing stacktrace...

[0]  [0x00007FFA3AE2E132]
[1]  [0x00007FFA3AE2E132]
[2]  [0x00007FFA3AE2E194]
[3]  [0x00007FFA3AA7D0D7]
[4]  [0x00007FFA3A962BCA]
[5]  [0x00007FFA3A962FD1]
[6]  [0x00007FFA3AE2EB2F]
[7]  [0x00007FFA3ACEC19D]
[8]  [0x00007FFA3ACE5942]
[9]  [0x00007FFA3ACE5AB5]
[10] (RtlDeactivateActivationContextUnsafeFast+0x1af) [0x00007FFAAD39485F]
[11] (LdrShutdownProcess+0x12c) [0x00007FFAAD3BD43C]
[12] (RtlExitUserProcess+0xb4) [0x00007FFAAD3BD2F4]
[13] (FatalExit+0xa) [0x00007FFAAB1EC0DA]
[14] (exit+0x75) [0x00007FFAAB2BA045]
[15] (initterm_e+0x21d) [0x00007FFAAB2BA68D]
[16]  [0x00000000004014CD]
[17]  [0x000000000040151B]
[18] (BaseThreadInitThunk+0x14) [0x00007FFAAB1E2774]
[19] (RtlUserThreadStart+0x21) [0x00007FFAAD3E0D51]
Done
