18:58:48 INFO  : Registering command handlers for SDK TCF services
18:58:50 INFO  : Launching XSCT server: xsct.bat -interactive D:\BakkArbeit\git\VivadoProject\PicroRV\PicroRV.sdk\temp_xsdb_launch_script.tcl
18:58:54 INFO  : XSCT server has started successfully.
18:59:15 INFO  : Successfully done setting XSCT server connection channel  
18:59:15 INFO  : Successfully done setting SDK workspace  
18:59:15 INFO  : Processing command line option -hwspec D:/BakkArbeit/git/VivadoProject/PicroRV/PicroRV.sdk/design_1_wrapper.hdf.
19:02:54 INFO  : Connected to target on host '127.0.0.1' and port '3121'.
19:04:06 INFO  : Connected to target on host '127.0.0.1' and port '3121'.
19:04:07 INFO  : Jtag cable 'Digilent Zed 210248685889' is selected.
19:04:07 INFO  : 'jtag frequency' command is executed.
19:04:07 INFO  : Sourcing of 'D:/BakkArbeit/git/VivadoProject/PicroRV/PicroRV.sdk/design_1_wrapper_hw_platform_0/ps7_init.tcl' is done.
19:04:10 ERROR : no targets found with "name =~"APU*" && jtag_cable_name =~ "Digilent Zed 210248685889"". available targets:
  1  DAP (JTAG port open error. AP transaction error, DAP status 30000021)
  2  xc7z020
19:04:10 INFO  : ----------------XSDB Script----------------
connect -url tcp:127.0.0.1:3121
source D:/BakkArbeit/git/VivadoProject/PicroRV/PicroRV.sdk/design_1_wrapper_hw_platform_0/ps7_init.tcl
targets -set -nocase -filter {name =~"APU*" && jtag_cable_name =~ "Digilent Zed 210248685889"} -index 0
----------------End of Script----------------

19:09:17 INFO  : Connected to target on host '127.0.0.1' and port '3121'.
19:09:17 INFO  : Jtag cable 'Digilent Zed 210248685889' is selected.
19:09:17 INFO  : 'jtag frequency' command is executed.
19:09:17 INFO  : Sourcing of 'D:/BakkArbeit/git/VivadoProject/PicroRV/PicroRV.sdk/design_1_wrapper_hw_platform_0/ps7_init.tcl' is done.
19:09:20 ERROR : no targets found with "name =~"APU*" && jtag_cable_name =~ "Digilent Zed 210248685889"". available targets:
  1  DAP (JTAG port open error. AP transaction error, DAP status 30000021)
  2  xc7z020
19:09:20 INFO  : ----------------XSDB Script----------------
connect -url tcp:127.0.0.1:3121
source D:/BakkArbeit/git/VivadoProject/PicroRV/PicroRV.sdk/design_1_wrapper_hw_platform_0/ps7_init.tcl
targets -set -nocase -filter {name =~"APU*" && jtag_cable_name =~ "Digilent Zed 210248685889"} -index 0
----------------End of Script----------------

19:10:10 INFO  : Invoking Bootgen: bootgen -image Application_Interface_test.bif -arch zynq -o D:\BakkArbeit\git\VivadoProject\PicroRV\PicroRV.sdk\Application_Interface_test\bootimage\BOOT.bin
19:10:10 INFO  : Creating new bif file D:\BakkArbeit\git\VivadoProject\PicroRV\PicroRV.sdk\Application_Interface_test\bootimage\Application_Interface_test.bif
19:10:12 INFO  : Bootgen command execution is done.
19:13:16 INFO  : Connected to target on host '127.0.0.1' and port '3121'.
19:39:01 INFO  : Invoking Bootgen: bootgen -image Application_Interface_test.bif -arch zynq -o D:\BakkArbeit\git\VivadoProject\PicroRV\PicroRV.sdk\Application_Interface_test\bootimage\BOOT.bin -w on
19:39:03 INFO  : Bootgen command execution is done.
22:16:45 INFO  : Registering command handlers for SDK TCF services
22:16:45 INFO  : Launching XSCT server: xsct.bat -interactive D:\BakkArbeit\git\VivadoProject\PicroRV\PicroRV.sdk\temp_xsdb_launch_script.tcl
22:16:50 INFO  : XSCT server has started successfully.
22:16:50 INFO  : Successfully done setting XSCT server connection channel  
22:16:58 INFO  : Successfully done setting SDK workspace  
22:16:58 INFO  : Processing command line option -hwspec D:/BakkArbeit/git/VivadoProject/PicroRV/PicroRV.sdk/design_1_wrapper.hdf.
22:16:58 INFO  : Checking for hwspec changes in the project design_1_wrapper_hw_platform_0.
22:17:00 INFO  : SDK has detected change in the last modified timestamps for source hardware specification file Source:1509311706598,  Project:1509048372620
22:17:00 INFO  : The hardware specification for project 'design_1_wrapper_hw_platform_0' is different from D:/BakkArbeit/git/VivadoProject/PicroRV/PicroRV.sdk/design_1_wrapper.hdf.
22:17:00 INFO  : Copied contents of D:/BakkArbeit/git/VivadoProject/PicroRV/PicroRV.sdk/design_1_wrapper.hdf into \design_1_wrapper_hw_platform_0\system.hdf.
22:17:05 INFO  : Synchronizing projects in the workspace with the hardware platform specification changes.
22:17:10 INFO  : 
22:17:13 INFO  : 
22:17:14 INFO  : Updating hardware inferred compiler options for Application_Interface_test.
22:17:14 INFO  : Clearing existing target manager status.
22:19:57 ERROR : Unexpected error while parsing XMD response ?: com.google.gson.JsonSyntaxException: com.google.gson.stream.MalformedJsonException: invalid number or unquoted string near 
22:20:31 INFO  : Registering command handlers for SDK TCF services
22:20:32 INFO  : Launching XSCT server: xsct.bat -interactive D:\BakkArbeit\git\VivadoProject\PicroRV\PicroRV.sdk\temp_xsdb_launch_script.tcl
22:20:35 INFO  : XSCT server has started successfully.
22:20:42 INFO  : Successfully done setting XSCT server connection channel  
22:20:42 INFO  : Processing command line option -hwspec D:/BakkArbeit/git/VivadoProject/PicroRV/PicroRV.sdk/design_1_wrapper.hdf.
22:20:42 INFO  : Successfully done setting SDK workspace  
22:22:13 INFO  : Registering command handlers for SDK TCF services
22:22:14 INFO  : Launching XSCT server: xsct.bat -interactive D:\BakkArbeit\git\VivadoProject\PicroRV\PicroRV.sdk\temp_xsdb_launch_script.tcl
22:22:18 INFO  : XSCT server has started successfully.
22:22:25 INFO  : Successfully done setting XSCT server connection channel  
22:22:25 INFO  : Processing command line option -hwspec D:/BakkArbeit/git/VivadoProject/PicroRV/PicroRV.sdk/design_1_wrapper.hdf.
22:22:25 INFO  : Successfully done setting SDK workspace  
22:22:37 INFO  : Checking for hwspec changes in the project design_1_wrapper_hw_platform_0.
22:24:32 INFO  : Invoking Bootgen: bootgen -image Interface_test_app.bif -arch zynq -o D:\BakkArbeit\git\VivadoProject\PicroRV\PicroRV.sdk\Interface_test_app\bootimage\BOOT.bin
22:24:32 INFO  : Creating new bif file D:\BakkArbeit\git\VivadoProject\PicroRV\PicroRV.sdk\Interface_test_app\bootimage\Interface_test_app.bif
22:24:34 INFO  : Bootgen command execution is done.
22:36:28 INFO  : SDK has detected change in the last modified timestamps for source hardware specification file Source:1509312943583,  Project:1509311706598
22:36:28 INFO  : Project design_1_wrapper_hw_platform_0's source hardware specification located at D:/BakkArbeit/git/VivadoProject/PicroRV/PicroRV.sdk/design_1_wrapper.hdf is now different from the local copy.
		 The local copy will be replaced with the source specification and your workspace will be updated.
22:36:51 INFO  : Copied contents of D:/BakkArbeit/git/VivadoProject/PicroRV/PicroRV.sdk/design_1_wrapper.hdf into \design_1_wrapper_hw_platform_0\system.hdf.
22:36:58 INFO  : Synchronizing projects in the workspace with the hardware platform specification changes.
22:37:02 INFO  : 
22:37:03 INFO  : Updating hardware inferred compiler options for Interface_test_app.
22:37:03 INFO  : Clearing existing target manager status.
22:37:05 INFO  : Closing and re-opening the MSS file of ther project Interface_test_app_bsp
22:37:06 INFO  : Workspace synchronized with the new hardware specification file. Cleaning dependent projects...
22:37:09 WARN  : Linker script will not be updated automatically. Users need to update it manually.
22:38:17 INFO  : Successfully generated D:\BakkArbeit\git\VivadoProject\PicroRV\PicroRV.sdk\Interface_test_app\src\lscript.ld.
22:38:17 INFO  : Applying linker script to all configurations of project Interface_test_app.
22:38:17 INFO  : Setting rebuild state to true for all configurations of project Interface_test_app.
22:41:09 INFO  : Invoking Bootgen: bootgen -image Interface_test_app1.bif -arch zynq -o D:\BakkArbeit\git\VivadoProject\PicroRV\PicroRV.sdk\Interface_test_app1\bootimage\BOOT.bin
22:41:09 INFO  : Creating new bif file D:\BakkArbeit\git\VivadoProject\PicroRV\PicroRV.sdk\Interface_test_app1\bootimage\Interface_test_app1.bif
22:41:11 INFO  : Bootgen command execution is done.
22:46:15 ERROR : Unexpected error while parsing XMD response ?: com.google.gson.JsonSyntaxException: com.google.gson.stream.MalformedJsonException: invalid number or unquoted string near 
