
*** Running vivado
    with args -log BakkArbeit_Blockdesign_processing_system7_0_0.vds -m64 -product Vivado -mode batch -messageDb vivado.pb -notrace -source BakkArbeit_Blockdesign_processing_system7_0_0.tcl


****** Vivado v2017.3 (64-bit)
  **** SW Build 2018833 on Wed Oct  4 19:58:22 MDT 2017
  **** IP Build 2016188 on Wed Oct  4 21:52:56 MDT 2017
    ** Copyright 1986-2017 Xilinx, Inc. All Rights Reserved.

source BakkArbeit_Blockdesign_processing_system7_0_0.tcl -notrace
Starting RTL Elaboration : Time (s): cpu = 00:00:09 ; elapsed = 00:00:10 . Memory (MB): peak = 403.484 ; gain = 98.223
INFO: [Synth 8-638] synthesizing module 'BakkArbeit_Blockdesign_processing_system7_0_0' [d:/BakkArbeit/git/VivadoProject/BakkArbeit/BakkArbeit.srcs/sources_1/bd/BakkArbeit_Blockdesign/ip/BakkArbeit_Blockdesign_processing_system7_0_0/synth/BakkArbeit_Blockdesign_processing_system7_0_0.v:60]
INFO: [Synth 8-638] synthesizing module 'processing_system7_v5_5_processing_system7' [d:/BakkArbeit/git/VivadoProject/BakkArbeit/BakkArbeit.srcs/sources_1/bd/BakkArbeit_Blockdesign/ip/BakkArbeit_Blockdesign_processing_system7_0_0/hdl/verilog/processing_system7_v5_5_processing_system7.v:162]
INFO: [Synth 8-638] synthesizing module 'BUFG' [D:/Xilinx/Vivado/2017.3/scripts/rt/data/unisim_comp.v:607]
INFO: [Synth 8-256] done synthesizing module 'BUFG' (1#1) [D:/Xilinx/Vivado/2017.3/scripts/rt/data/unisim_comp.v:607]
INFO: [Synth 8-638] synthesizing module 'BIBUF' [D:/Xilinx/Vivado/2017.3/scripts/rt/data/unisim_comp.v:268]
INFO: [Synth 8-256] done synthesizing module 'BIBUF' (2#1) [D:/Xilinx/Vivado/2017.3/scripts/rt/data/unisim_comp.v:268]
INFO: [Synth 8-638] synthesizing module 'PS7' [D:/Xilinx/Vivado/2017.3/scripts/rt/data/unisim_comp.v:40559]
INFO: [Synth 8-256] done synthesizing module 'PS7' (3#1) [D:/Xilinx/Vivado/2017.3/scripts/rt/data/unisim_comp.v:40559]
INFO: [Synth 8-256] done synthesizing module 'processing_system7_v5_5_processing_system7' (4#1) [d:/BakkArbeit/git/VivadoProject/BakkArbeit/BakkArbeit.srcs/sources_1/bd/BakkArbeit_Blockdesign/ip/BakkArbeit_Blockdesign_processing_system7_0_0/hdl/verilog/processing_system7_v5_5_processing_system7.v:162]
INFO: [Synth 8-256] done synthesizing module 'BakkArbeit_Blockdesign_processing_system7_0_0' (5#1) [d:/BakkArbeit/git/VivadoProject/BakkArbeit/BakkArbeit.srcs/sources_1/bd/BakkArbeit_Blockdesign/ip/BakkArbeit_Blockdesign_processing_system7_0_0/synth/BakkArbeit_Blockdesign_processing_system7_0_0.v:60]
Finished RTL Elaboration : Time (s): cpu = 00:00:11 ; elapsed = 00:00:12 . Memory (MB): peak = 446.945 ; gain = 141.684
Finished RTL Optimization Phase 1 : Time (s): cpu = 00:00:11 ; elapsed = 00:00:13 . Memory (MB): peak = 446.945 ; gain = 141.684
INFO: [Device 21-403] Loading part xc7z020clg484-1
Constraint Validation Runtime : Time (s): cpu = 00:00:00 ; elapsed = 00:00:00.120 . Memory (MB): peak = 700.063 ; gain = 0.000
Finished Constraint Validation : Time (s): cpu = 00:00:31 ; elapsed = 00:00:37 . Memory (MB): peak = 700.063 ; gain = 394.801
Finished Loading Part and Timing Information : Time (s): cpu = 00:00:31 ; elapsed = 00:00:37 . Memory (MB): peak = 700.063 ; gain = 394.801
Finished applying 'set_property' XDC Constraints : Time (s): cpu = 00:00:32 ; elapsed = 00:00:38 . Memory (MB): peak = 700.063 ; gain = 394.801
Finished RTL Optimization Phase 2 : Time (s): cpu = 00:00:33 ; elapsed = 00:00:39 . Memory (MB): peak = 700.063 ; gain = 394.801
Finished Cross Boundary and Area Optimization : Time (s): cpu = 00:00:34 ; elapsed = 00:00:40 . Memory (MB): peak = 700.063 ; gain = 394.801
Finished Applying XDC Timing Constraints : Time (s): cpu = 00:00:51 ; elapsed = 00:00:59 . Memory (MB): peak = 907.820 ; gain = 602.559
Finished Timing Optimization : Time (s): cpu = 00:00:51 ; elapsed = 00:00:59 . Memory (MB): peak = 923.914 ; gain = 618.652
Finished Technology Mapping : Time (s): cpu = 00:00:52 ; elapsed = 00:01:01 . Memory (MB): peak = 926.980 ; gain = 621.719
Finished IO Insertion : Time (s): cpu = 00:00:54 ; elapsed = 00:01:03 . Memory (MB): peak = 926.980 ; gain = 621.719
Finished Renaming Generated Instances : Time (s): cpu = 00:00:54 ; elapsed = 00:01:03 . Memory (MB): peak = 926.980 ; gain = 621.719
Finished Rebuilding User Hierarchy : Time (s): cpu = 00:00:54 ; elapsed = 00:01:04 . Memory (MB): peak = 926.980 ; gain = 621.719
Finished Renaming Generated Ports : Time (s): cpu = 00:00:54 ; elapsed = 00:01:04 . Memory (MB): peak = 926.980 ; gain = 621.719
Finished Handling Custom Attributes : Time (s): cpu = 00:00:55 ; elapsed = 00:01:04 . Memory (MB): peak = 926.980 ; gain = 621.719
Finished Renaming Generated Nets : Time (s): cpu = 00:00:55 ; elapsed = 00:01:04 . Memory (MB): peak = 926.980 ; gain = 621.719

Report Cell Usage: 
+------+------+------+
|      |Cell  |Count |
+------+------+------+
|1     |BIBUF |   130|
|2     |BUFG  |     1|
|3     |LUT1  |   112|
|4     |PS7   |     1|
+------+------+------+
Finished Writing Synthesis Report : Time (s): cpu = 00:00:55 ; elapsed = 00:01:04 . Memory (MB): peak = 926.980 ; gain = 621.719
synth_design: Time (s): cpu = 00:00:57 ; elapsed = 00:01:07 . Memory (MB): peak = 941.508 ; gain = 643.508
