Vivado Simulator 2017.3
Time resolution is 1 ps
Stopped at time : 0 fs : File "../../../../BakkArbeit2.srcs/sim_1/imports/Desktop/Memory.v" Line 27
Stopped at time : 0 fs : File "../../../../BakkArbeit2.srcs/sim_1/imports/Desktop/Memory.v" Line 28
Stopped at time : 0 fs : File "../../../../BakkArbeit2.srcs/sim_1/imports/Desktop/Memory.v" Line 29
Stopped at time : 0 fs : File "../../../../BakkArbeit2.srcs/sim_1/imports/Desktop/Memory.v" Line 31
Stopped at time : 0 fs : File "../../../../BakkArbeit2.srcs/sim_1/imports/Desktop/Memory.v" Line 31
Stopped at time : 0 fs : File "../../../../BakkArbeit2.srcs/sim_1/imports/Desktop/Memory.v" Line 32
Stopped at time : 0 fs : File "../../../../BakkArbeit2.srcs/sim_1/imports/Desktop/Memory.v" Line 31
Stopped at time : 0 fs : File "../../../../BakkArbeit2.srcs/sim_1/imports/Desktop/Memory.v" Line 31
Stopped at time : 0 fs : File "../../../../BakkArbeit2.srcs/sim_1/imports/Desktop/Memory.v" Line 32
Stopped at time : 0 fs : File "../../../../BakkArbeit2.srcs/sim_1/imports/Desktop/Memory.v" Line 31
Stopped at time : 0 fs : File "../../../../BakkArbeit2.srcs/sim_1/imports/Desktop/Memory.v" Line 31
Stopped at time : 0 fs : File "../../../../BakkArbeit2.srcs/sim_1/imports/Desktop/Memory.v" Line 32
Stopped at time : 0 fs : File "../../../../BakkArbeit2.srcs/sim_1/imports/Desktop/Memory.v" Line 31
Stopped at time : 0 fs : File "../../../../BakkArbeit2.srcs/sim_1/imports/Desktop/Memory.v" Line 31
Stopped at time : 0 fs : File "../../../../BakkArbeit2.srcs/sim_1/imports/Desktop/Memory.v" Line 32
Stopped at time : 0 fs : File "../../../../BakkArbeit2.srcs/sim_1/imports/Desktop/Memory.v" Line 31
Stopped at time : 0 fs : File "../../../../BakkArbeit2.srcs/sim_1/imports/Desktop/Memory.v" Line 31
Stopped at time : 0 fs : File "../../../../BakkArbeit2.srcs/sim_1/imports/Desktop/Memory.v" Line 32
Stopped at time : 0 fs : File "../../../../BakkArbeit2.srcs/sim_1/imports/Desktop/Memory.v" Line 31
Stopped at time : 0 fs : File "../../../../BakkArbeit2.srcs/sim_1/imports/Desktop/Memory.v" Line 31
Stopped at time : 0 fs : File "../../../../BakkArbeit2.srcs/sim_1/imports/Desktop/Memory.v" Line 32
Stopped at time : 0 fs : File "../../../../BakkArbeit2.srcs/sim_1/imports/Desktop/Memory.v" Line 31
Stopped at time : 0 fs : File "../../../../BakkArbeit2.srcs/sim_1/imports/Desktop/Memory.v" Line 31
Stopped at time : 0 fs : File "../../../../BakkArbeit2.srcs/sim_1/imports/Desktop/Memory.v" Line 32
Stopped at time : 0 fs : File "../../../../BakkArbeit2.srcs/sim_1/imports/Desktop/Memory.v" Line 31
Stopped at time : 0 fs : File "../../../../BakkArbeit2.srcs/sim_1/imports/Desktop/Memory.v" Line 31
Stopped at time : 0 fs : File "../../../../BakkArbeit2.srcs/sim_1/imports/Desktop/Memory.v" Line 32
Stopped at time : 0 fs : File "../../../../BakkArbeit2.srcs/sim_1/imports/Desktop/Memory.v" Line 31
Stopped at time : 0 fs : File "../../../../BakkArbeit2.srcs/sim_1/imports/Desktop/Memory.v" Line 31
Stopped at time : 0 fs : File "../../../../BakkArbeit2.srcs/sim_1/imports/Desktop/Memory.v" Line 32
Stopped at time : 0 fs : File "../../../../BakkArbeit2.srcs/sim_1/imports/Desktop/Memory.v" Line 31
Stopped at time : 0 fs : File "../../../../BakkArbeit2.srcs/sim_1/imports/Desktop/Memory.v" Line 31
Stopped at time : 0 fs : File "../../../../BakkArbeit2.srcs/sim_1/imports/Desktop/Memory.v" Line 32
Stopped at time : 0 fs : File "../../../../BakkArbeit2.srcs/sim_1/imports/Desktop/Memory.v" Line 31
Stopped at time : 0 fs : File "../../../../BakkArbeit2.srcs/sim_1/imports/Desktop/Memory.v" Line 31
Stopped at time : 0 fs : File "../../../../BakkArbeit2.srcs/sim_1/imports/Desktop/Memory.v" Line 32
Stopped at time : 0 fs : File "../../../../BakkArbeit2.srcs/sim_1/imports/Desktop/Memory.v" Line 31
Stopped at time : 0 fs : File "../../../../BakkArbeit2.srcs/sim_1/imports/Desktop/Memory.v" Line 31
Stopped at time : 0 fs : File "../../../../BakkArbeit2.srcs/sim_1/imports/Desktop/Memory.v" Line 32
Stopped at time : 0 fs : File "../../../../BakkArbeit2.srcs/sim_1/imports/Desktop/Memory.v" Line 31
Stopped at time : 0 fs : File "../../../../BakkArbeit2.srcs/sim_1/imports/Desktop/Memory.v" Line 31
Stopped at time : 0 fs : File "../../../../BakkArbeit2.srcs/sim_1/imports/Desktop/Memory.v" Line 32
Stopped at time : 0 fs : File "../../../../BakkArbeit2.srcs/sim_1/imports/Desktop/Memory.v" Line 31
Stopped at time : 0 fs : File "../../../../BakkArbeit2.srcs/sim_1/imports/Desktop/Memory.v" Line 31
Stopped at time : 0 fs : File "../../../../BakkArbeit2.srcs/sim_1/imports/Desktop/Memory.v" Line 32
Stopped at time : 0 fs : File "../../../../BakkArbeit2.srcs/sim_1/imports/Desktop/Memory.v" Line 31
Stopped at time : 0 fs : File "../../../../BakkArbeit2.srcs/sim_1/imports/Desktop/Memory.v" Line 31
Stopped at time : 0 fs : File "../../../../BakkArbeit2.srcs/sim_1/imports/Desktop/Memory.v" Line 32
Stopped at time : 5 ns : File "D:/BakkArbeit/git/VivadoProject2/BakkArbeit2.srcs/sim_1/imports/Desktop/Memory_tb.v" Line 61
Stopped at time : 5 ns : File "D:/BakkArbeit/git/VivadoProject2/BakkArbeit2.srcs/sim_1/imports/Desktop/Memory_tb.v" Line 61
Stopped at time : 5 ns : File "D:/BakkArbeit/git/VivadoProject2/BakkArbeit2.srcs/sim_1/imports/Desktop/Memory_tb.v" Line 65
Stopped at time : 5 ns : File "D:/BakkArbeit/git/VivadoProject2/BakkArbeit2.srcs/sim_1/imports/Desktop/Memory_tb.v" Line 67
Stopped at time : 5 ns : File "D:/BakkArbeit/git/VivadoProject2/BakkArbeit2.srcs/sim_1/imports/Desktop/Memory_tb.v" Line 68
Stopped at time : 5 ns : File "D:/BakkArbeit/git/VivadoProject2/BakkArbeit2.srcs/sim_1/imports/Desktop/Memory_tb.v" Line 69
Stopped at time : 5 ns : File "D:/BakkArbeit/git/VivadoProject2/BakkArbeit2.srcs/sim_1/imports/Desktop/Memory_tb.v" Line 128
Stopped at time : 5 ns : File "D:/BakkArbeit/git/VivadoProject2/BakkArbeit2.srcs/sim_1/imports/Desktop/Memory_tb.v" Line 129
Stopped at time : 5 ns : File "D:/BakkArbeit/git/VivadoProject2/BakkArbeit2.srcs/sim_1/imports/Desktop/Memory_tb.v" Line 64
Stopped at time : 5 ns : File "../../../../BakkArbeit2.srcs/sim_1/imports/Desktop/Memory.v" Line 54
Stopped at time : 5 ns : File "../../../../BakkArbeit2.srcs/sim_1/imports/Desktop/Memory.v" Line 57
Stopped at time : 5 ns : File "../../../../BakkArbeit2.srcs/sim_1/imports/Desktop/Memory.v" Line 58
Stopped at time : 5 ns : File "../../../../BakkArbeit2.srcs/sim_1/imports/Desktop/Memory.v" Line 59
Stopped at time : 5 ns : File "../../../../BakkArbeit2.srcs/sim_1/imports/Desktop/Memory.v" Line 118
Stopped at time : 5 ns : File "../../../../BakkArbeit2.srcs/sim_1/imports/Desktop/Memory.v" Line 122
Stopped at time : 5 ns : File "../../../../BakkArbeit2.srcs/sim_1/imports/Desktop/Memory.v" Line 129
Stopped at time : 5 ns : File "../../../../BakkArbeit2.srcs/sim_1/imports/Desktop/Memory.v" Line 52
Stopped at time : 5 ns : File "D:/BakkArbeit/git/VivadoProject2/BakkArbeit2.srcs/sim_1/imports/Desktop/Memory_tb.v" Line 133
Stopped at time : 5 ns : File "D:/BakkArbeit/git/VivadoProject2/BakkArbeit2.srcs/sim_1/imports/Desktop/Memory_tb.v" Line 132
Stopped at time : 5 ns : File "../../../../BakkArbeit2.srcs/sim_1/imports/Desktop/Memory.v" Line 48
Stopped at time : 5 ns : File "../../../../BakkArbeit2.srcs/sim_1/imports/Desktop/Memory.v" Line 46
Stopped at time : 10 ns : File "D:/BakkArbeit/git/VivadoProject2/BakkArbeit2.srcs/sim_1/imports/Desktop/Memory_tb.v" Line 61
Stopped at time : 10 ns : File "D:/BakkArbeit/git/VivadoProject2/BakkArbeit2.srcs/sim_1/imports/Desktop/Memory_tb.v" Line 61
Stopped at time : 15 ns : File "D:/BakkArbeit/git/VivadoProject2/BakkArbeit2.srcs/sim_1/imports/Desktop/Memory_tb.v" Line 61
Stopped at time : 15 ns : File "D:/BakkArbeit/git/VivadoProject2/BakkArbeit2.srcs/sim_1/imports/Desktop/Memory_tb.v" Line 61
Stopped at time : 15 ns : File "D:/BakkArbeit/git/VivadoProject2/BakkArbeit2.srcs/sim_1/imports/Desktop/Memory_tb.v" Line 65
Stopped at time : 15 ns : File "D:/BakkArbeit/git/VivadoProject2/BakkArbeit2.srcs/sim_1/imports/Desktop/Memory_tb.v" Line 73
Stopped at time : 15 ns : File "D:/BakkArbeit/git/VivadoProject2/BakkArbeit2.srcs/sim_1/imports/Desktop/Memory_tb.v" Line 74
Stopped at time : 15 ns : File "D:/BakkArbeit/git/VivadoProject2/BakkArbeit2.srcs/sim_1/imports/Desktop/Memory_tb.v" Line 75
Stopped at time : 15 ns : File "D:/BakkArbeit/git/VivadoProject2/BakkArbeit2.srcs/sim_1/imports/Desktop/Memory_tb.v" Line 76
Stopped at time : 15 ns : File "D:/BakkArbeit/git/VivadoProject2/BakkArbeit2.srcs/sim_1/imports/Desktop/Memory_tb.v" Line 128
Stopped at time : 15 ns : File "D:/BakkArbeit/git/VivadoProject2/BakkArbeit2.srcs/sim_1/imports/Desktop/Memory_tb.v" Line 129
Stopped at time : 15 ns : File "D:/BakkArbeit/git/VivadoProject2/BakkArbeit2.srcs/sim_1/imports/Desktop/Memory_tb.v" Line 64
Stopped at time : 85 ns : File "D:/BakkArbeit/git/VivadoProject2/BakkArbeit2.srcs/sim_1/imports/Desktop/Memory_tb.v" Line 121
calling an invalid memory address
Stopped at time : 85 ns : File "D:/BakkArbeit/git/VivadoProject2/BakkArbeit2.srcs/sim_1/imports/Desktop/Memory_tb.v" Line 122
Stopped at time : 85 ns : File "D:/BakkArbeit/git/VivadoProject2/BakkArbeit2.srcs/sim_1/imports/Desktop/Memory_tb.v" Line 123
Stopped at time : 85 ns : File "D:/BakkArbeit/git/VivadoProject2/BakkArbeit2.srcs/sim_1/imports/Desktop/Memory_tb.v" Line 124
Stopped at time : 85 ns : File "D:/BakkArbeit/git/VivadoProject2/BakkArbeit2.srcs/sim_1/imports/Desktop/Memory_tb.v" Line 128
Stopped at time : 85 ns : File "D:/BakkArbeit/git/VivadoProject2/BakkArbeit2.srcs/sim_1/imports/Desktop/Memory_tb.v" Line 129
Stopped at time : 85 ns : File "D:/BakkArbeit/git/VivadoProject2/BakkArbeit2.srcs/sim_1/imports/Desktop/Memory_tb.v" Line 64
Stopped at time : 85 ns : File "../../../../BakkArbeit2.srcs/sim_1/imports/Desktop/Memory.v" Line 54
Stopped at time : 85 ns : File "../../../../BakkArbeit2.srcs/sim_1/imports/Desktop/Memory.v" Line 57
Stopped at time : 85 ns : File "../../../../BakkArbeit2.srcs/sim_1/imports/Desktop/Memory.v" Line 58
Stopped at time : 85 ns : File "../../../../BakkArbeit2.srcs/sim_1/imports/Desktop/Memory.v" Line 59
Stopped at time : 85 ns : File "../../../../BakkArbeit2.srcs/sim_1/imports/Desktop/Memory.v" Line 118
Stopped at time : 85 ns : File "../../../../BakkArbeit2.srcs/sim_1/imports/Desktop/Memory.v" Line 122
Stopped at time : 85 ns : File "../../../../BakkArbeit2.srcs/sim_1/imports/Desktop/Memory.v" Line 129
Stopped at time : 85 ns : File "../../../../BakkArbeit2.srcs/sim_1/imports/Desktop/Memory.v" Line 52
