22:13:18 INFO  : Registering command handlers for SDK TCF services
22:13:20 INFO  : Launching XSCT server: xsct.bat -interactive D:\BakkArbeit\git\VivadoProject\BakkArbeit\BakkArbeit.sdk\temp_xsdb_launch_script.tcl
22:13:26 INFO  : XSCT server has started successfully.
22:13:27 INFO  : Successfully done setting XSCT server connection channel  
22:13:27 INFO  : Successfully done setting SDK workspace  
22:13:28 INFO  : Processing command line option -hwspec D:/BakkArbeit/git/VivadoProject/BakkArbeit/BakkArbeit.sdk/BakkArbeit_Blockdesign_wrapper.hdf.
22:18:50 INFO  : Invoking Bootgen: bootgen -image uzuzhapp.bif -arch zynq -o D:\BakkArbeit\git\VivadoProject\BakkArbeit\BakkArbeit.sdk\uzuzhapp\bootimage\BOOT.bin
22:18:50 INFO  : Creating new bif file D:\BakkArbeit\git\VivadoProject\BakkArbeit\BakkArbeit.sdk\uzuzhapp\bootimage\uzuzhapp.bif
22:18:52 INFO  : Bootgen command execution is done.
22:33:04 INFO  : Connected to target on host '127.0.0.1' and port '3121'.
17:58:06 INFO  : Launching XSCT server: xsct.bat -interactive D:\BakkArbeit\git\VivadoProject\BakkArbeit\BakkArbeit.sdk\temp_xsdb_launch_script.tcl
17:58:10 INFO  : XSCT server has started successfully.
17:58:10 INFO  : Successfully done setting XSCT server connection channel  
17:58:14 INFO  : Successfully done setting SDK workspace  
17:58:26 INFO  : Registering command handlers for SDK TCF services
17:58:26 INFO  : Processing command line option -hwspec D:/BakkArbeit/git/VivadoProject/BakkArbeit/BakkArbeit.sdk/BakkArbeit_Blockdesign_wrapper.hdf.
17:58:27 INFO  : Checking for hwspec changes in the project BakkArbeit_Blockdesign_wrapper_hw_platform_0.
17:59:53 INFO  : Invoking Bootgen: bootgen -image uzuzhapp.bif -arch zynq -o D:\BakkArbeit\git\VivadoProject\BakkArbeit\BakkArbeit.sdk\uzuzhapp\bootimage\BOOT.bin -w on
17:59:54 INFO  : Bootgen command execution is done.
18:42:36 INFO  : Launching XSCT server: xsct.bat -interactive D:\BakkArbeit\git\VivadoProject\BakkArbeit\BakkArbeit.sdk\temp_xsdb_launch_script.tcl
18:42:41 INFO  : XSCT server has started successfully.
18:42:43 INFO  : Successfully done setting XSCT server connection channel  
18:42:43 INFO  : Successfully done setting SDK workspace  
18:42:54 INFO  : Registering command handlers for SDK TCF services
18:42:54 INFO  : Processing command line option -hwspec D:/BakkArbeit/git/VivadoProject/BakkArbeit/BakkArbeit.sdk/BakkArbeit_Blockdesign_wrapper.hdf.
18:42:55 INFO  : Checking for hwspec changes in the project BakkArbeit_Blockdesign_wrapper_hw_platform_0.
18:50:47 INFO  : Invoking Bootgen: bootgen -image uzuzhapp.bif -arch zynq -o D:\BakkArbeit\git\VivadoProject\BakkArbeit\BakkArbeit.sdk\uzuzhapp\bootimage\BOOT.bin -w on
18:50:47 INFO  : Overwriting existing bif file D:\BakkArbeit\git\VivadoProject\BakkArbeit\BakkArbeit.sdk\uzuzhapp\bootimage\uzuzhapp.bif
18:50:49 INFO  : Bootgen command execution is done.
18:56:10 INFO  : Connected to target on host '127.0.0.1' and port '3121'.
18:56:10 INFO  : 'targets -set -filter {jtag_cable_name =~ "Digilent Zed 210248685889" && level==0} -index 1' command is executed.
18:56:13 INFO  : FPGA configured successfully with bitstream "D:/BakkArbeit/git/VivadoProject/BakkArbeit/BakkArbeit.sdk/BakkArbeit_Blockdesign_wrapper_hw_platform_0/BakkArbeit_Blockdesign_wrapper.bit"
18:57:59 INFO  : Connected to target on host '127.0.0.1' and port '3121'.
19:07:49 INFO  : Invoking Bootgen: bootgen -image uzuzhapp.bif -arch zynq -o D:\BakkArbeit\git\VivadoProject\BakkArbeit\BakkArbeit.sdk\uzuzhapp\bootimage\BOOT.bin
19:07:51 INFO  : Bootgen command execution is done.
19:37:00 INFO  : Connected to target on host '127.0.0.1' and port '3121'.
19:57:53 INFO  : Launching XSCT server: xsct.bat -interactive D:\BakkArbeit\git\VivadoProject\BakkArbeit\BakkArbeit.sdk\temp_xsdb_launch_script.tcl
19:57:56 INFO  : XSCT server has started successfully.
19:57:57 INFO  : Successfully done setting XSCT server connection channel  
19:57:57 INFO  : Successfully done setting SDK workspace  
19:58:04 INFO  : Registering command handlers for SDK TCF services
19:58:04 INFO  : Processing command line option -hwspec D:/BakkArbeit/git/VivadoProject/BakkArbeit/BakkArbeit.sdk/BakkArbeit_Blockdesign_wrapper.hdf.
19:58:05 INFO  : Checking for hwspec changes in the project BakkArbeit_Blockdesign_wrapper_hw_platform_0.
19:58:22 INFO  : Connected to target on host '127.0.0.1' and port '3121'.
19:58:23 INFO  : 'targets -set -filter {jtag_cable_name =~ "Digilent Zed 210248685889" && level==0} -index 1' command is executed.
19:58:25 INFO  : FPGA configured successfully with bitstream "D:/BakkArbeit/git/VivadoProject/BakkArbeit/BakkArbeit.sdk/BakkArbeit_Blockdesign_wrapper_hw_platform_0/BakkArbeit_Blockdesign_wrapper.bit"
