
*** Running vivado
    with args -log BakkArbeit_Blockdesign_processing_system7_0_0.vds -m64 -product Vivado -mode batch -messageDb vivado.pb -notrace -source BakkArbeit_Blockdesign_processing_system7_0_0.tcl


****** Vivado v2017.3 (64-bit)
  **** SW Build 2018833 on Wed Oct  4 19:58:22 MDT 2017
  **** IP Build 2016188 on Wed Oct  4 21:52:56 MDT 2017
    ** Copyright 1986-2017 Xilinx, Inc. All Rights Reserved.

source BakkArbeit_Blockdesign_processing_system7_0_0.tcl -notrace
Starting RTL Elaboration : Time (s): cpu = 00:00:10 ; elapsed = 00:00:12 . Memory (MB): peak = 403.191 ; gain = 98.125
INFO: [Synth 8-638] synthesizing module 'BakkArbeit_Blockdesign_processing_system7_0_0' [d:/BakkArbeit/git/VivadoProject/BakkArbeit/BakkArbeit.srcs/sources_1/bd/BakkArbeit_Blockdesign/ip/BakkArbeit_Blockdesign_processing_system7_0_0/synth/BakkArbeit_Blockdesign_processing_system7_0_0.v:60]
INFO: [Synth 8-638] synthesizing module 'processing_system7_v5_5_processing_system7' [d:/BakkArbeit/git/VivadoProject/BakkArbeit/BakkArbeit.srcs/sources_1/bd/BakkArbeit_Blockdesign/ip/BakkArbeit_Blockdesign_processing_system7_0_0/hdl/verilog/processing_system7_v5_5_processing_system7.v:161]
INFO: [Synth 8-638] synthesizing module 'BUFG' [D:/Xilinx/Vivado/2017.3/scripts/rt/data/unisim_comp.v:607]
INFO: [Synth 8-256] done synthesizing module 'BUFG' (1#1) [D:/Xilinx/Vivado/2017.3/scripts/rt/data/unisim_comp.v:607]
INFO: [Synth 8-638] synthesizing module 'BIBUF' [D:/Xilinx/Vivado/2017.3/scripts/rt/data/unisim_comp.v:268]
INFO: [Synth 8-256] done synthesizing module 'BIBUF' (2#1) [D:/Xilinx/Vivado/2017.3/scripts/rt/data/unisim_comp.v:268]
INFO: [Synth 8-638] synthesizing module 'PS7' [D:/Xilinx/Vivado/2017.3/scripts/rt/data/unisim_comp.v:40559]
INFO: [Synth 8-256] done synthesizing module 'PS7' (3#1) [D:/Xilinx/Vivado/2017.3/scripts/rt/data/unisim_comp.v:40559]
INFO: [Synth 8-256] done synthesizing module 'processing_system7_v5_5_processing_system7' (4#1) [d:/BakkArbeit/git/VivadoProject/BakkArbeit/BakkArbeit.srcs/sources_1/bd/BakkArbeit_Blockdesign/ip/BakkArbeit_Blockdesign_processing_system7_0_0/hdl/verilog/processing_system7_v5_5_processing_system7.v:161]
INFO: [Synth 8-256] done synthesizing module 'BakkArbeit_Blockdesign_processing_system7_0_0' (5#1) [d:/BakkArbeit/git/VivadoProject/BakkArbeit/BakkArbeit.srcs/sources_1/bd/BakkArbeit_Blockdesign/ip/BakkArbeit_Blockdesign_processing_system7_0_0/synth/BakkArbeit_Blockdesign_processing_system7_0_0.v:60]
Finished RTL Elaboration : Time (s): cpu = 00:00:12 ; elapsed = 00:00:15 . Memory (MB): peak = 446.648 ; gain = 141.582
Finished RTL Optimization Phase 1 : Time (s): cpu = 00:00:12 ; elapsed = 00:00:15 . Memory (MB): peak = 446.648 ; gain = 141.582
INFO: [Device 21-403] Loading part xc7z020clg484-1
Constraint Validation Runtime : Time (s): cpu = 00:00:00 ; elapsed = 00:00:00.085 . Memory (MB): peak = 699.766 ; gain = 0.000
Finished Constraint Validation : Time (s): cpu = 00:00:33 ; elapsed = 00:00:41 . Memory (MB): peak = 699.766 ; gain = 394.699
Finished Loading Part and Timing Information : Time (s): cpu = 00:00:33 ; elapsed = 00:00:41 . Memory (MB): peak = 699.766 ; gain = 394.699
Finished applying 'set_property' XDC Constraints : Time (s): cpu = 00:00:34 ; elapsed = 00:00:42 . Memory (MB): peak = 699.766 ; gain = 394.699
Finished RTL Optimization Phase 2 : Time (s): cpu = 00:00:35 ; elapsed = 00:00:43 . Memory (MB): peak = 699.766 ; gain = 394.699
Finished Cross Boundary and Area Optimization : Time (s): cpu = 00:00:36 ; elapsed = 00:00:45 . Memory (MB): peak = 699.766 ; gain = 394.699
Finished Applying XDC Timing Constraints : Time (s): cpu = 00:00:55 ; elapsed = 00:01:07 . Memory (MB): peak = 907.516 ; gain = 602.449
Finished Timing Optimization : Time (s): cpu = 00:00:55 ; elapsed = 00:01:07 . Memory (MB): peak = 924.613 ; gain = 619.547
Finished Technology Mapping : Time (s): cpu = 00:00:56 ; elapsed = 00:01:09 . Memory (MB): peak = 926.676 ; gain = 621.609
Finished IO Insertion : Time (s): cpu = 00:00:59 ; elapsed = 00:01:12 . Memory (MB): peak = 926.676 ; gain = 621.609
Finished Renaming Generated Instances : Time (s): cpu = 00:00:59 ; elapsed = 00:01:12 . Memory (MB): peak = 926.676 ; gain = 621.609
Finished Rebuilding User Hierarchy : Time (s): cpu = 00:00:59 ; elapsed = 00:01:12 . Memory (MB): peak = 926.676 ; gain = 621.609
Finished Renaming Generated Ports : Time (s): cpu = 00:00:59 ; elapsed = 00:01:12 . Memory (MB): peak = 926.676 ; gain = 621.609
Finished Handling Custom Attributes : Time (s): cpu = 00:00:59 ; elapsed = 00:01:12 . Memory (MB): peak = 926.676 ; gain = 621.609
Finished Renaming Generated Nets : Time (s): cpu = 00:00:59 ; elapsed = 00:01:12 . Memory (MB): peak = 926.676 ; gain = 621.609

Report Cell Usage: 
+------+------+------+
|      |Cell  |Count |
+------+------+------+
|1     |BIBUF |   130|
|2     |BUFG  |     1|
|3     |LUT1  |   112|
|4     |PS7   |     1|
+------+------+------+
Finished Writing Synthesis Report : Time (s): cpu = 00:00:59 ; elapsed = 00:01:12 . Memory (MB): peak = 926.676 ; gain = 621.609
synth_design: Time (s): cpu = 00:01:02 ; elapsed = 00:01:16 . Memory (MB): peak = 941.207 ; gain = 644.461
