
*** Running vivado
    with args -log BakkArbeit_Blockdesign_processing_system7_0_0.vds -m64 -product Vivado -mode batch -messageDb vivado.pb -notrace -source BakkArbeit_Blockdesign_processing_system7_0_0.tcl


****** Vivado v2017.3 (64-bit)
  **** SW Build 2018833 on Wed Oct  4 19:58:22 MDT 2017
  **** IP Build 2016188 on Wed Oct  4 21:52:56 MDT 2017
    ** Copyright 1986-2017 Xilinx, Inc. All Rights Reserved.

source BakkArbeit_Blockdesign_processing_system7_0_0.tcl -notrace
Starting RTL Elaboration : Time (s): cpu = 00:00:09 ; elapsed = 00:00:10 . Memory (MB): peak = 403.309 ; gain = 97.953
INFO: [Synth 8-638] synthesizing module 'BakkArbeit_Blockdesign_processing_system7_0_0' [d:/BakkArbeit/git/VivadoProject/BakkArbeit/BakkArbeit.srcs/sources_1/bd/BakkArbeit_Blockdesign/ip/BakkArbeit_Blockdesign_processing_system7_0_0/synth/BakkArbeit_Blockdesign_processing_system7_0_0.v:60]
INFO: [Synth 8-638] synthesizing module 'processing_system7_v5_5_processing_system7' [d:/BakkArbeit/git/VivadoProject/BakkArbeit/BakkArbeit.srcs/sources_1/bd/BakkArbeit_Blockdesign/ip/BakkArbeit_Blockdesign_processing_system7_0_0/hdl/verilog/processing_system7_v5_5_processing_system7.v:161]
INFO: [Synth 8-638] synthesizing module 'BUFG' [D:/Xilinx/Vivado/2017.3/scripts/rt/data/unisim_comp.v:607]
INFO: [Synth 8-256] done synthesizing module 'BUFG' (1#1) [D:/Xilinx/Vivado/2017.3/scripts/rt/data/unisim_comp.v:607]
INFO: [Synth 8-638] synthesizing module 'BIBUF' [D:/Xilinx/Vivado/2017.3/scripts/rt/data/unisim_comp.v:268]
INFO: [Synth 8-256] done synthesizing module 'BIBUF' (2#1) [D:/Xilinx/Vivado/2017.3/scripts/rt/data/unisim_comp.v:268]
INFO: [Synth 8-638] synthesizing module 'PS7' [D:/Xilinx/Vivado/2017.3/scripts/rt/data/unisim_comp.v:40559]
INFO: [Synth 8-256] done synthesizing module 'PS7' (3#1) [D:/Xilinx/Vivado/2017.3/scripts/rt/data/unisim_comp.v:40559]
INFO: [Synth 8-256] done synthesizing module 'processing_system7_v5_5_processing_system7' (4#1) [d:/BakkArbeit/git/VivadoProject/BakkArbeit/BakkArbeit.srcs/sources_1/bd/BakkArbeit_Blockdesign/ip/BakkArbeit_Blockdesign_processing_system7_0_0/hdl/verilog/processing_system7_v5_5_processing_system7.v:161]
INFO: [Synth 8-256] done synthesizing module 'BakkArbeit_Blockdesign_processing_system7_0_0' (5#1) [d:/BakkArbeit/git/VivadoProject/BakkArbeit/BakkArbeit.srcs/sources_1/bd/BakkArbeit_Blockdesign/ip/BakkArbeit_Blockdesign_processing_system7_0_0/synth/BakkArbeit_Blockdesign_processing_system7_0_0.v:60]
Finished RTL Elaboration : Time (s): cpu = 00:00:10 ; elapsed = 00:00:12 . Memory (MB): peak = 446.543 ; gain = 141.188
Finished RTL Optimization Phase 1 : Time (s): cpu = 00:00:11 ; elapsed = 00:00:12 . Memory (MB): peak = 446.543 ; gain = 141.188
INFO: [Device 21-403] Loading part xc7z020clg484-1
Constraint Validation Runtime : Time (s): cpu = 00:00:00 ; elapsed = 00:00:00.186 . Memory (MB): peak = 700.039 ; gain = 0.000
Finished Constraint Validation : Time (s): cpu = 00:00:29 ; elapsed = 00:00:33 . Memory (MB): peak = 700.039 ; gain = 394.684
Finished Loading Part and Timing Information : Time (s): cpu = 00:00:29 ; elapsed = 00:00:33 . Memory (MB): peak = 700.039 ; gain = 394.684
Finished applying 'set_property' XDC Constraints : Time (s): cpu = 00:00:29 ; elapsed = 00:00:33 . Memory (MB): peak = 700.039 ; gain = 394.684
Finished RTL Optimization Phase 2 : Time (s): cpu = 00:00:30 ; elapsed = 00:00:34 . Memory (MB): peak = 700.039 ; gain = 394.684
Finished Cross Boundary and Area Optimization : Time (s): cpu = 00:00:31 ; elapsed = 00:00:35 . Memory (MB): peak = 700.039 ; gain = 394.684
Finished Applying XDC Timing Constraints : Time (s): cpu = 00:00:47 ; elapsed = 00:00:53 . Memory (MB): peak = 907.660 ; gain = 602.305
Finished Timing Optimization : Time (s): cpu = 00:00:48 ; elapsed = 00:00:53 . Memory (MB): peak = 924.758 ; gain = 619.402
Finished Technology Mapping : Time (s): cpu = 00:00:49 ; elapsed = 00:00:54 . Memory (MB): peak = 926.820 ; gain = 621.465
Finished IO Insertion : Time (s): cpu = 00:00:51 ; elapsed = 00:00:57 . Memory (MB): peak = 926.820 ; gain = 621.465
Finished Renaming Generated Instances : Time (s): cpu = 00:00:51 ; elapsed = 00:00:57 . Memory (MB): peak = 926.820 ; gain = 621.465
Finished Rebuilding User Hierarchy : Time (s): cpu = 00:00:51 ; elapsed = 00:00:57 . Memory (MB): peak = 926.820 ; gain = 621.465
Finished Renaming Generated Ports : Time (s): cpu = 00:00:51 ; elapsed = 00:00:57 . Memory (MB): peak = 926.820 ; gain = 621.465
Finished Handling Custom Attributes : Time (s): cpu = 00:00:51 ; elapsed = 00:00:57 . Memory (MB): peak = 926.820 ; gain = 621.465
Finished Renaming Generated Nets : Time (s): cpu = 00:00:51 ; elapsed = 00:00:57 . Memory (MB): peak = 926.820 ; gain = 621.465

Report Cell Usage: 
+------+------+------+
|      |Cell  |Count |
+------+------+------+
|1     |BIBUF |   130|
|2     |BUFG  |     1|
|3     |LUT1  |   112|
|4     |PS7   |     1|
+------+------+------+
Finished Writing Synthesis Report : Time (s): cpu = 00:00:51 ; elapsed = 00:00:57 . Memory (MB): peak = 926.820 ; gain = 621.465
synth_design: Time (s): cpu = 00:00:53 ; elapsed = 00:01:00 . Memory (MB): peak = 941.484 ; gain = 644.457
