Vivado Simulator 2017.4
Time resolution is 1 ps
 Block Memory Generator module loading initial data...
 Block Memory Generator data initialization complete.
Block Memory Generator module complete_design_TB.DUT.PicoRV32_BD_i.blk_mem_gen_0.inst.native_mem_mapped_module.blk_mem_gen_v8_4_1_inst is using a behavioral model for simulation which will not precisely model memory collision behavior.
XilinxAXIVIP: Found at Path: complete_design_TB.DUT.PicoRV32_BD_i.processing_system7_0.inst.M_AXI_GP0.master
[0] : *ZYNQ_VIP_INFO : M_AXI_GP0 : Port is ENABLED.
XilinxAXIVIP: Found at Path: complete_design_TB.DUT.PicoRV32_BD_i.processing_system7_0.inst.M_AXI_GP1.master
[0] : *ZYNQ_VIP_INFO : M_AXI_GP1 : Port is DISABLED.
XilinxAXIVIP: Found at Path: complete_design_TB.DUT.PicoRV32_BD_i.processing_system7_0.inst.S_AXI_GP0.slave
[0] : *ZYNQ_VIP_INFO : S_AXI_GP0 : Port is DISABLED.
XilinxAXIVIP: Found at Path: complete_design_TB.DUT.PicoRV32_BD_i.processing_system7_0.inst.S_AXI_GP1.slave
[0] : *ZYNQ_VIP_INFO : S_AXI_GP1 : Port is DISABLED.
XilinxAXIVIP: Found at Path: complete_design_TB.DUT.PicoRV32_BD_i.processing_system7_0.inst.S_AXI_HP0.slave
[0] : *ZYNQ_VIP_INFO : S_AXI_HP0 : Port is DISABLED.
XilinxAXIVIP: Found at Path: complete_design_TB.DUT.PicoRV32_BD_i.processing_system7_0.inst.S_AXI_HP1.slave
[0] : *ZYNQ_VIP_INFO : S_AXI_HP1 : Port is DISABLED.
XilinxAXIVIP: Found at Path: complete_design_TB.DUT.PicoRV32_BD_i.processing_system7_0.inst.S_AXI_HP2.slave
[0] : *ZYNQ_VIP_INFO : S_AXI_HP2 : Port is DISABLED.
XilinxAXIVIP: Found at Path: complete_design_TB.DUT.PicoRV32_BD_i.processing_system7_0.inst.S_AXI_HP3.slave
[0] : *ZYNQ_VIP_INFO : S_AXI_HP3 : Port is DISABLED.
XilinxAXIVIP: Found at Path: complete_design_TB.DUT.PicoRV32_BD_i.processing_system7_0.inst.S_AXI_ACP.slave
[0] : *ZYNQ_VIP_INFO : S_AXI_ACP : Port is DISABLED.
ST_RD:   2 0x00040ff0
-- 1085000
DECODE: 0x00001000 0x0001a197 auipc
ST_RD:   3 0x0001b000
-- 1155000
DECODE: 0x00001004 0x77018193 addi
LD_RS1:  3 0x0001b000
ST_RD:   3 0x0001b770
-- 1225000
DECODE: 0x00001008 0x87418513 addi
LD_RS1:  3 0x0001b770
ST_RD:  10 0x0001afe4
-- 1295000
DECODE: 0x0000100c 0x0001c617 auipc
ST_RD:  12 0x0001d00c
-- 1365000
DECODE: 0x00001010 0x48060613 addi
LD_RS1: 12 0x0001d00c
ST_RD:  12 0x0001d48c
-- 1435000
DECODE: 0x00001014     0x8e09 sub
LD_RS1: 12 0x0001d48c
LD_RS2: 10 0x0001afe4
ST_RD:  12 0x000024a8
-- 1465000
DECODE: 0x00001016     0x4581 addi
LD_RS1:  0 0x00000000
ST_RD:  11 0x00000000
-- 1535000
DECODE: 0x00001018 0x5610b0ef jal
ST_RD:   1 0x0000101c, BRANCH 0x0000cd78
-- 1605000
DECODE: 0x0000cd78     0x433d addi
LD_RS1:  0 0x00000000
ST_RD:   6 0x0000000f
-- 1635000
DECODE: 0x0000cd7a     0x872a add
LD_RS1:  0 0x00000000
LD_RS2: 10 0x0001afe4
ST_RD:  14 0x0001afe4
-- 1705000
DECODE: 0x0000cd7c 0x02c37363 bgeu
LD_RS1:  6 0x0000000f
LD_RS2: 12 0x000024a8
-- 1775000
DECODE: 0x0000cd80 0x00f77793 andi
LD_RS1: 14 0x0001afe4
ST_RD:  15 0x00000004
-- 1845000
DECODE: 0x0000cd84     0xefbd bne
LD_RS1: 15 0x00000004
LD_RS2:  0 0x00000000
ST_RD:   0 0x0000cd86, BRANCH 0x0000ce02
