Vivado Simulator 2017.4
Time resolution is 1 ps
Stopped at time : 15 ns : File "D:/BakkArbeit/git/VivadoProject2/BakkArbeit2.srcs/Memory/new/Memory_TB.v" Line 73
Stopped at time : 25 ns : File "D:/BakkArbeit/git/VivadoProject2/BakkArbeit2.srcs/Memory/new/Memory_TB.v" Line 61
Stopped at time : 25 ns : File "D:/BakkArbeit/git/VivadoProject2/BakkArbeit2.srcs/Memory/new/Memory_TB.v" Line 61
Stopped at time : 25 ns : File "D:/BakkArbeit/git/VivadoProject2/BakkArbeit2.srcs/Memory/new/Memory_TB.v" Line 65
Stopped at time : 25 ns : File "D:/BakkArbeit/git/VivadoProject2/BakkArbeit2.srcs/Memory/new/Memory_TB.v" Line 80
Stopped at time : 25 ns : File "D:/BakkArbeit/git/VivadoProject2/BakkArbeit2.srcs/Memory/new/Memory_TB.v" Line 81
Stopped at time : 25 ns : File "D:/BakkArbeit/git/VivadoProject2/BakkArbeit2.srcs/Memory/new/Memory_TB.v" Line 82
Stopped at time : 25 ns : File "D:/BakkArbeit/git/VivadoProject2/BakkArbeit2.srcs/Memory/new/Memory_TB.v" Line 83
Stopped at time : 25 ns : File "D:/BakkArbeit/git/VivadoProject2/BakkArbeit2.srcs/Memory/new/Memory_TB.v" Line 128
Stopped at time : 25 ns : File "D:/BakkArbeit/git/VivadoProject2/BakkArbeit2.srcs/Memory/new/Memory_TB.v" Line 129
Stopped at time : 25 ns : File "D:/BakkArbeit/git/VivadoProject2/BakkArbeit2.srcs/Memory/new/Memory_TB.v" Line 64
Stopped at time : 25 ns : File "D:/BakkArbeit/git/VivadoProject2/BakkArbeit2.srcs/sources_1/imports/Desktop/Memory.v" Line 55
Stopped at time : 25 ns : File "D:/BakkArbeit/git/VivadoProject2/BakkArbeit2.srcs/sources_1/imports/Desktop/Memory.v" Line 89
Stopped at time : 25 ns : File "D:/BakkArbeit/git/VivadoProject2/BakkArbeit2.srcs/sources_1/imports/Desktop/Memory.v" Line 90
Stopped at time : 25 ns : File "D:/BakkArbeit/git/VivadoProject2/BakkArbeit2.srcs/sources_1/imports/Desktop/Memory.v" Line 112
Stopped at time : 25 ns : File "D:/BakkArbeit/git/VivadoProject2/BakkArbeit2.srcs/sources_1/imports/Desktop/Memory.v" Line 53
Stopped at time : 25 ns : File "D:/BakkArbeit/git/VivadoProject2/BakkArbeit2.srcs/Memory/new/Memory_TB.v" Line 133
calling an invalid memory address
