#-----------------------------------------------------------
# Vivado v2017.3 (64-bit)
# SW Build 2018833 on Wed Oct  4 19:58:22 MDT 2017
# IP Build 2016188 on Wed Oct  4 21:52:56 MDT 2017
# Start of session at: Sun Nov  5 17:56:11 2017
# Process ID: 13920
# Current directory: D:/BakkArbeit/git/VivadoProject/BakkArbeit
# Command line: vivado.exe -gui_launcher_event rodinguilauncherevent12980 D:\BakkArbeit\git\VivadoProject\BakkArbeit\BakkArbeit.xpr
# Log file: D:/BakkArbeit/git/VivadoProject/BakkArbeit/vivado.log
# Journal file: D:/BakkArbeit/git/VivadoProject/BakkArbeit\vivado.jou
#-----------------------------------------------------------
start_gui
open_project D:/BakkArbeit/git/VivadoProject/BakkArbeit/BakkArbeit.xpr
Scanning sources...
Finished scanning sources
INFO: [IP_Flow 19-234] Refreshing IP repositories
INFO: [IP_Flow 19-1704] No user IP repositories specified
INFO: [IP_Flow 19-2313] Loaded Vivado IP repository 'D:/Xilinx/Vivado/2017.3/data/ip'.
open_project: Time (s): cpu = 00:00:17 ; elapsed = 00:00:22 . Memory (MB): peak = 836.371 ; gain = 116.242
update_compile_order -fileset sources_1
launch_sdk -workspace D:/BakkArbeit/git/VivadoProject/BakkArbeit/BakkArbeit.sdk -hwspec D:/BakkArbeit/git/VivadoProject/BakkArbeit/BakkArbeit.sdk/BakkArbeit_Blockdesign_wrapper.hdf
INFO: [Vivado 12-393] Launching SDK...
INFO: [Vivado 12-417] Running xsdk -workspace D:/BakkArbeit/git/VivadoProject/BakkArbeit/BakkArbeit.sdk -hwspec D:/BakkArbeit/git/VivadoProject/BakkArbeit/BakkArbeit.sdk/BakkArbeit_Blockdesign_wrapper.hdf
INFO: [Vivado 12-3157] SDK launch initiated. Please check console for any further messages.
