Copyright 1986-2017 Xilinx, Inc. All Rights Reserved.
------------------------------------------------------------------------------------------------
| Tool Version : Vivado v.2017.4 (win64) Build 2086221 Fri Dec 15 20:55:39 MST 2017
| Date         : Wed Feb 21 00:17:27 2018
| Host         : FREISMUTHDESK running 64-bit major release  (build 9200)
| Command      : report_control_sets -verbose -file PicoRV32_BD_wrapper_control_sets_placed.rpt
| Design       : PicoRV32_BD_wrapper
| Device       : xc7z020
------------------------------------------------------------------------------------------------

Control Set Information

Table of Contents
-----------------
1. Summary
2. Flip-Flop Distribution
3. Detailed Control Set Information

1. Summary
----------

+----------------------------------------------------------+-------+
|                          Status                          | Count |
+----------------------------------------------------------+-------+
| Number of unique control sets                            |    71 |
| Unused register locations in slices containing registers |    82 |
+----------------------------------------------------------+-------+


2. Flip-Flop Distribution
-------------------------

+--------------+-----------------------+------------------------+-----------------+--------------+
| Clock Enable | Synchronous Set/Reset | Asynchronous Set/Reset | Total Registers | Total Slices |
+--------------+-----------------------+------------------------+-----------------+--------------+
| No           | No                    | No                     |             113 |           73 |
| No           | No                    | Yes                    |               0 |            0 |
| No           | Yes                   | No                     |             114 |           44 |
| Yes          | No                    | No                     |            1487 |          652 |
| Yes          | No                    | Yes                    |               0 |            0 |
| Yes          | Yes                   | No                     |             356 |          124 |
+--------------+-----------------------+------------------------+-----------------+--------------+


3. Detailed Control Set Information
-----------------------------------

+----------------------------------------------------+-------------------------------------------------------------------+------------------------------------------------------------+------------------+----------------+
|                    Clock Signal                    |                           Enable Signal                           |                      Set/Reset Signal                      | Slice Load Count | Bel Load Count |
+----------------------------------------------------+-------------------------------------------------------------------+------------------------------------------------------------+------------------+----------------+
|  clk_IBUF_BUFG                                     | PicoRV32_BD_i/picorv32_0/inst/mem_wstrb[3]_i_2_n_0                | PicoRV32_BD_i/picorv32_0/inst/mem_wstrb[3]_i_1_n_0         |                1 |              4 |
|  clk_IBUF_BUFG                                     | PicoRV32_BD_i/picorv32_0/inst/mem_rdata_q[11]_i_1_n_0             |                                                            |                3 |              5 |
|  clk_IBUF_BUFG                                     | PicoRV32_BD_i/picorv32_0/inst/mem_rdata_q[19]_i_1_n_0             |                                                            |                2 |              5 |
|  clk_IBUF_BUFG                                     | PicoRV32_BD_i/picorv32_0/inst/mem_rdata_q[24]_i_1_n_0             |                                                            |                4 |              5 |
|  PicoRV32_BD_i/processing_system7_0/inst/FCLK_CLK0 |                                                                   |                                                            |                3 |              5 |
|  clk_IBUF_BUFG                                     | PicoRV32_BD_i/picorv32_0/inst/latched_rd                          | resetn_IBUF                                                |                2 |              6 |
|  clk_IBUF_BUFG                                     | PicoRV32_BD_i/picorv32_0/inst/cpu_state[7]_i_1_n_0                |                                                            |                3 |              6 |
|  clk_IBUF_BUFG                                     | PicoRV32_BD_i/picorv32_0/inst/mem_rdata_q[6]_i_1_n_0              |                                                            |                4 |              7 |
|  clk_IBUF_BUFG                                     | PicoRV32_BD_i/picorv32_0/inst/instr_lui0                          | PicoRV32_BD_i/picorv32_0/inst/decoded_imm_uj[19]_i_1_n_0   |                1 |              7 |
|  clk_IBUF_BUFG                                     | PicoRV32_BD_i/Out_bank_0/inst/uart/E[0]                           |                                                            |                3 |              8 |
|  clk_IBUF_BUFG                                     | PicoRV32_BD_i/Address_Decoder_0/inst/mem_valid_memory             |                                                            |                2 |              8 |
|  clk_IBUF_BUFG                                     | PicoRV32_BD_i/picorv32_0/inst/instr_lui0                          | PicoRV32_BD_i/picorv32_0/inst/decoded_rs1[4]_i_1_n_0       |                5 |              9 |
|  clk_IBUF_BUFG                                     | PicoRV32_BD_i/picorv32_0/inst/is_lui_auipc_jal_jalr_addi_add_sub0 | PicoRV32_BD_i/picorv32_0/inst/decoded_imm[29]_i_1_n_0      |                3 |             10 |
|  clk_IBUF_BUFG                                     | PicoRV32_BD_i/picorv32_0/inst/is_lui_auipc_jal_jalr_addi_add_sub0 | PicoRV32_BD_i/picorv32_0/inst/decoded_imm[31]_i_1_n_0      |                2 |             10 |
|  clk_IBUF_BUFG                                     | PicoRV32_BD_i/picorv32_0/inst/mem_rdata_q[31]_i_1_n_0             |                                                            |                8 |             10 |
|  clk_IBUF_BUFG                                     | PicoRV32_BD_i/Address_Decoder_0/inst/bankSwitch_i_1_n_0           |                                                            |                4 |             13 |
|  clk_IBUF_BUFG                                     | PicoRV32_BD_i/Out_bank_0/inst/out_registers[7]_i_1_n_0            |                                                            |                4 |             16 |
|  clk_IBUF_BUFG                                     | PicoRV32_BD_i/picorv32_0/inst/mem_16bit_buffer                    |                                                            |               11 |             16 |
|  clk_IBUF_BUFG                                     | PicoRV32_BD_i/Out_bank_0/inst/mem_rdata[16]_i_1_n_0               |                                                            |                5 |             17 |
|  clk_IBUF_BUFG                                     | PicoRV32_BD_i/picorv32_0/inst/is_lui_auipc_jal_jalr_addi_add_sub0 | resetn_IBUF                                                |                5 |             22 |
|  clk_IBUF_BUFG                                     | PicoRV32_BD_i/picorv32_0/inst/mem_addr[31]_i_1_n_0                |                                                            |               15 |             30 |
|  clk_IBUF_BUFG                                     | PicoRV32_BD_i/picorv32_0/inst/cpuregs[11][31]_i_1_n_0             |                                                            |               16 |             32 |
|  clk_IBUF_BUFG                                     | PicoRV32_BD_i/picorv32_0/inst/cpuregs[16][31]_i_1_n_0             |                                                            |               29 |             32 |
|  clk_IBUF_BUFG                                     | PicoRV32_BD_i/picorv32_0/inst/cpuregs[27][31]_i_1_n_0             |                                                            |               12 |             32 |
|  clk_IBUF_BUFG                                     | PicoRV32_BD_i/picorv32_0/inst/cpuregs[35][31]_i_1_n_0             |                                                            |               15 |             32 |
|  clk_IBUF_BUFG                                     | PicoRV32_BD_i/picorv32_0/inst/cpuregs[3][31]_i_1_n_0              |                                                            |                9 |             32 |
|  clk_IBUF_BUFG                                     | PicoRV32_BD_i/picorv32_0/inst/cpuregs[2][31]_i_1_n_0              |                                                            |               16 |             32 |
|  clk_IBUF_BUFG                                     | PicoRV32_BD_i/picorv32_0/inst/cpuregs[23][31]_i_1_n_0             |                                                            |               15 |             32 |
|  clk_IBUF_BUFG                                     | PicoRV32_BD_i/picorv32_0/inst/cpuregs[31][31]_i_1_n_0             |                                                            |               17 |             32 |
|  clk_IBUF_BUFG                                     | PicoRV32_BD_i/picorv32_0/inst/cpuregs[25][31]_i_1_n_0             |                                                            |               13 |             32 |
|  clk_IBUF_BUFG                                     | PicoRV32_BD_i/picorv32_0/inst/cpuregs[28][31]_i_1_n_0             |                                                            |               13 |             32 |
|  clk_IBUF_BUFG                                     | PicoRV32_BD_i/picorv32_0/inst/cpuregs[29][31]_i_1_n_0             |                                                            |               13 |             32 |
|  clk_IBUF_BUFG                                     | PicoRV32_BD_i/picorv32_0/inst/cpuregs[20][31]_i_1_n_0             |                                                            |               17 |             32 |
|  clk_IBUF_BUFG                                     | PicoRV32_BD_i/picorv32_0/inst/cpuregs[33][31]_i_1_n_0             |                                                            |                7 |             32 |
|  clk_IBUF_BUFG                                     | PicoRV32_BD_i/picorv32_0/inst/cpuregs[34][31]_i_1_n_0             |                                                            |                9 |             32 |
|  clk_IBUF_BUFG                                     | PicoRV32_BD_i/picorv32_0/inst/cpuregs[18][31]_i_1_n_0             |                                                            |               12 |             32 |
|  clk_IBUF_BUFG                                     | PicoRV32_BD_i/picorv32_0/inst/cpuregs[21][31]_i_1_n_0             |                                                            |               10 |             32 |
|  clk_IBUF_BUFG                                     | PicoRV32_BD_i/picorv32_0/inst/cpuregs[32][31]_i_1_n_0             |                                                            |               15 |             32 |
|  clk_IBUF_BUFG                                     | PicoRV32_BD_i/picorv32_0/inst/cpuregs[4][31]_i_1_n_0              |                                                            |               12 |             32 |
|  clk_IBUF_BUFG                                     | PicoRV32_BD_i/picorv32_0/inst/cpuregs[7][31]_i_1_n_0              |                                                            |               17 |             32 |
|  clk_IBUF_BUFG                                     | PicoRV32_BD_i/picorv32_0/inst/cpuregs[1][31]_i_1_n_0              |                                                            |               18 |             32 |
|  clk_IBUF_BUFG                                     | PicoRV32_BD_i/picorv32_0/inst/cpuregs[9][31]_i_1_n_0              |                                                            |               24 |             32 |
|  clk_IBUF_BUFG                                     | PicoRV32_BD_i/picorv32_0/inst/cpuregs[22][31]_i_1_n_0             |                                                            |                9 |             32 |
|  clk_IBUF_BUFG                                     | PicoRV32_BD_i/picorv32_0/inst/cpuregs[26][31]_i_1_n_0             |                                                            |               10 |             32 |
|  clk_IBUF_BUFG                                     | PicoRV32_BD_i/picorv32_0/inst/cpuregs[30][31]_i_1_n_0             |                                                            |               15 |             32 |
|  clk_IBUF_BUFG                                     | PicoRV32_BD_i/picorv32_0/inst/cpuregs[5][31]_i_1_n_0              |                                                            |               17 |             32 |
|  clk_IBUF_BUFG                                     | PicoRV32_BD_i/picorv32_0/inst/cpuregs[6][31]_i_1_n_0              |                                                            |               10 |             32 |
|  clk_IBUF_BUFG                                     | PicoRV32_BD_i/picorv32_0/inst/cpuregs[24][31]_i_1_n_0             |                                                            |               28 |             32 |
|  clk_IBUF_BUFG                                     | PicoRV32_BD_i/picorv32_0/inst/irq_mask                            | resetn_IBUF                                                |               17 |             32 |
|  clk_IBUF_BUFG                                     | PicoRV32_BD_i/Address_Decoder_0/inst/mem_rdata[31]_i_2_n_0        | PicoRV32_BD_i/Address_Decoder_0/inst/mem_rdata[31]_i_1_n_0 |                6 |             32 |
|  clk_IBUF_BUFG                                     | PicoRV32_BD_i/memory_wrapper_0/inst/startCounter                  | PicoRV32_BD_i/memory_wrapper_0/inst/cycle[0]_i_1_n_0       |                8 |             32 |
|  clk_IBUF_BUFG                                     | PicoRV32_BD_i/picorv32_0/inst/cpuregs[14][31]_i_1_n_0             |                                                            |                6 |             32 |
|  clk_IBUF_BUFG                                     | PicoRV32_BD_i/picorv32_0/inst/cpuregs[17][31]_i_1_n_0             |                                                            |               12 |             32 |
|  clk_IBUF_BUFG                                     | PicoRV32_BD_i/picorv32_0/inst/cpuregs[19][31]_i_1_n_0             |                                                            |               13 |             32 |
|  clk_IBUF_BUFG                                     | PicoRV32_BD_i/picorv32_0/inst/cpuregs[12][31]_i_1_n_0             |                                                            |               16 |             32 |
|  clk_IBUF_BUFG                                     | PicoRV32_BD_i/picorv32_0/inst/mem_wdata[31]_i_1_n_0               |                                                            |                7 |             32 |
|  clk_IBUF_BUFG                                     | PicoRV32_BD_i/picorv32_0/inst/cpuregs[8][31]_i_1_n_0              |                                                            |               18 |             32 |
|  clk_IBUF_BUFG                                     | PicoRV32_BD_i/picorv32_0/inst/cpuregs[15][31]_i_1_n_0             |                                                            |               10 |             32 |
|  clk_IBUF_BUFG                                     | PicoRV32_BD_i/picorv32_0/inst/cpuregs[10][31]_i_1_n_0             |                                                            |               16 |             32 |
|  clk_IBUF_BUFG                                     | PicoRV32_BD_i/picorv32_0/inst/timer                               | resetn_IBUF                                                |               14 |             32 |
|  clk_IBUF_BUFG                                     | PicoRV32_BD_i/picorv32_0/inst/reg_op1[31]_i_1_n_0                 |                                                            |                9 |             32 |
|  clk_IBUF_BUFG                                     | PicoRV32_BD_i/picorv32_0/inst/reg_op2[7]_i_1_n_0                  |                                                            |               10 |             32 |
|  clk_IBUF_BUFG                                     | PicoRV32_BD_i/picorv32_0/inst/cpuregs[13][31]_i_1_n_0             |                                                            |               13 |             32 |
|  PicoRV32_BD_i/processing_system7_0/inst/FCLK_CLK0 | PicoRV32_BD_i/Out_bank_0/inst/uart/UART_index[31]_i_2_n_0         | PicoRV32_BD_i/Out_bank_0/inst/uart/UART_index[31]_i_1_n_0  |                9 |             32 |
|  clk_IBUF_BUFG                                     | PicoRV32_BD_i/picorv32_0/inst/is_lui_auipc_jal_jalr_addi_add_sub0 |                                                            |               13 |             33 |
|  clk_IBUF_BUFG                                     | PicoRV32_BD_i/picorv32_0/inst/instr_lui0                          |                                                            |               19 |             40 |
|  clk_IBUF_BUFG                                     | PicoRV32_BD_i/Address_Decoder_0/inst/mem_wdata_memory[31]_i_1_n_0 |                                                            |               24 |             52 |
|  clk_IBUF_BUFG                                     | PicoRV32_BD_i/picorv32_0/inst/count_instr[0]_i_1_n_0              | resetn_IBUF                                                |               16 |             64 |
|  clk_IBUF_BUFG                                     | PicoRV32_BD_i/picorv32_0/inst/cpu_state_reg_n_0_[6]               | resetn_IBUF                                                |               35 |             64 |
|  clk_IBUF_BUFG                                     |                                                                   |                                                            |               71 |            109 |
|  clk_IBUF_BUFG                                     |                                                                   | resetn_IBUF                                                |               44 |            114 |
+----------------------------------------------------+-------------------------------------------------------------------+------------------------------------------------------------+------------------+----------------+


+--------+-----------------------+
| Fanout | Number of ControlSets |
+--------+-----------------------+
| 4      |                     1 |
| 5      |                     4 |
| 6      |                     2 |
| 7      |                     2 |
| 8      |                     2 |
| 9      |                     1 |
| 10     |                     3 |
| 13     |                     1 |
| 16+    |                    55 |
+--------+-----------------------+


