Exception at PC 0x00007FFB90E19D98
Exception at PC 0x00007FFB90E19D98
Exception at PC 0x00007FFB90E19D98
Exception at PC 0x00007FFB90E19D98
Exception at PC 0x00007FFB75A2E132
Attemped to write at address 0x00007FFB69154AA4
Printing stacktrace...

[0]  [0x00007FFB75A2E132]
[1]  [0x00007FFB75A2E132]
[2]  [0x00007FFB75A2E194]
[3]  [0x00007FFB7567D0D7]
[4]  [0x00007FFB75562BCA]
[5]  [0x00007FFB75562FD1]
[6]  [0x00007FFB75A2EB2F]
[7]  [0x00007FFB758EC19D]
[8]  [0x00007FFB758E5942]
[9]  [0x00007FFB758E5AB5]
[10] (RtlDeactivateActivationContextUnsafeFast+0x1af) [0x00007FFB9480485F]
[11] (LdrShutdownProcess+0x12c) [0x00007FFB9482D43C]
[12] (RtlExitUserProcess+0xb4) [0x00007FFB9482D2F4]
[13] (FatalExit+0xa) [0x00007FFB9469C0DA]
[14] (exit+0x75) [0x00007FFB9436A045]
[15] (initterm_e+0x21d) [0x00007FFB9436A68D]
[16]  [0x00000000004014CD]
[17]  [0x000000000040151B]
[18] (BaseThreadInitThunk+0x14) [0x00007FFB94692774]
[19] (RtlUserThreadStart+0x21) [0x00007FFB94850D51]
Done
