Exception at PC 0x00007FF948CD3FB8
Exception at PC 0x00007FF948CD3FB8
Exception at PC 0x00007FF948CD3FB8
Exception at PC 0x00007FF948CD3FB8
Exception at PC 0x00007FF8D34FE132
Attemped to write at address 0x00007FF913A94AA4
Printing stacktrace...

[0]  [0x00007FF8D34FE132]
[1]  [0x00007FF8D34FE132]
[2]  [0x00007FF8D34FE194]
[3]  [0x00007FF8D314D0D7]
[4]  [0x00007FF8D3032BCA]
[5]  [0x00007FF8D3032FD1]
[6]  [0x00007FF8D34FEB2F]
[7]  [0x00007FF8D33BC19D]
[8]  [0x00007FF8D33B5942]
[9]  [0x00007FF8D33B5AB5]
[10] (RtlDeactivateActivationContextUnsafeFast+0x1b3) [0x00007FF94C2C1493]
[11] (LdrShutdownProcess+0x125) [0x00007FF94C2F06B5]
[12] (RtlExitUserProcess+0xb4) [0x00007FF94C2F0574]
[13] (ExitProcess+0xa) [0x00007FF94B77F06A]
[14] (exit+0x75) [0x00007FF94BCC9B25]
[15] (initterm_e+0x21d) [0x00007FF94BCCA16D]
[16]  [0x00000000004014CD]
[17]  [0x000000000040151B]
[18] (BaseThreadInitThunk+0x14) [0x00007FF94B781FE4]
[19] (RtlUserThreadStart+0x21) [0x00007FF94C31EFC1]
Done
