#-----------------------------------------------------------
# Vivado v2017.2 (64-bit)
# SW Build 1909853 on Thu Jun 15 18:39:09 MDT 2017
# IP Build 1909766 on Thu Jun 15 19:58:00 MDT 2017
# Start of session at: Tue Oct 24 21:08:12 2017
# Process ID: 8080
# Current directory: D:/BakkArbeit_git/VivadoProject/PicroRV
# Command line: vivado.exe -gui_launcher_event rodinguilauncherevent13376 D:\BakkArbeit_git\VivadoProject\PicroRV\PicroRV.xpr
# Log file: D:/BakkArbeit_git/VivadoProject/PicroRV/vivado.log
# Journal file: D:/BakkArbeit_git/VivadoProject/PicroRV\vivado.jou
#-----------------------------------------------------------
start_gui
open_project D:/BakkArbeit_git/VivadoProject/PicroRV/PicroRV.xpr
INFO: [Project 1-313] Project file moved from 'D:/Dropbox/Studium/Bakk Arbeit/VivadoProject/PicroRV' since last save.
WARNING: [Project 1-312] File not found as 'D:/BakkArbeit_git/VivadoProject/PicroRV/PicroRV.srcs/sources_1/imports/picorv32-master/picorv32.v'; using path 'D:/Dropbox/Studium/Bakk Arbeit/VivadoProject/PicroRV/PicroRV.srcs/sources_1/imports/picorv32-master/picorv32.v' instead.
WARNING: [Project 1-312] File not found as 'D:/BakkArbeit_git/VivadoProject/PicroRV/PicroRV.srcs/sources_1/bd/design_1/design_1.bd'; using path 'D:/Dropbox/Studium/Bakk Arbeit/VivadoProject/PicroRV/PicroRV.srcs/sources_1/bd/design_1/design_1.bd' instead.
WARNING: [Project 1-312] File not found as 'D:/BakkArbeit_git/VivadoProject/PicroRV/PicroRV.srcs/sources_1/bd/design_1/hdl/design_1_wrapper.v'; using path 'D:/Dropbox/Studium/Bakk Arbeit/VivadoProject/PicroRV/PicroRV.srcs/sources_1/bd/design_1/hdl/design_1_wrapper.v' instead.
WARNING: [Project 1-312] File not found as 'D:/BakkArbeit_git/VivadoProject/PicroRV/PicroRV.srcs/constrs_1/new/picorv32_axi.xdc'; using path 'D:/Dropbox/Studium/Bakk Arbeit/VivadoProject/PicroRV/PicroRV.srcs/constrs_1/new/picorv32_axi.xdc' instead.
WARNING: [Project 1-312] File not found as 'D:/BakkArbeit_git/VivadoProject/PicroRV/PicroRV.srcs/sim_1/imports/picorv32-master/testbench.v'; using path 'D:/Dropbox/Studium/Bakk Arbeit/VivadoProject/PicroRV/PicroRV.srcs/sim_1/imports/picorv32-master/testbench.v' instead.
Scanning sources...
Finished scanning sources
WARNING: [Project 1-312] File not found as 'D:/BakkArbeit_git/VivadoProject/PicroRV/PicroRV.srcs/sources_1/imports/picorv32-master/picorv32.v'; using path 'D:/Dropbox/Studium/Bakk Arbeit/VivadoProject/PicroRV/PicroRV.srcs/sources_1/imports/picorv32-master/picorv32.v' instead.
WARNING: [Project 1-312] File not found as 'D:/BakkArbeit_git/VivadoProject/PicroRV/PicroRV.srcs/sources_1/bd/design_1/design_1.bd'; using path 'D:/Dropbox/Studium/Bakk Arbeit/VivadoProject/PicroRV/PicroRV.srcs/sources_1/bd/design_1/design_1.bd' instead.
WARNING: [Project 1-312] File not found as 'D:/BakkArbeit_git/VivadoProject/PicroRV/PicroRV.srcs/sources_1/bd/design_1/hdl/design_1_wrapper.v'; using path 'D:/Dropbox/Studium/Bakk Arbeit/VivadoProject/PicroRV/PicroRV.srcs/sources_1/bd/design_1/hdl/design_1_wrapper.v' instead.
WARNING: [Project 1-312] File not found as 'D:/BakkArbeit_git/VivadoProject/PicroRV/PicroRV.srcs/constrs_1/new/picorv32_axi.xdc'; using path 'D:/Dropbox/Studium/Bakk Arbeit/VivadoProject/PicroRV/PicroRV.srcs/constrs_1/new/picorv32_axi.xdc' instead.
INFO: [IP_Flow 19-234] Refreshing IP repositories
INFO: [IP_Flow 19-1704] No user IP repositories specified
INFO: [IP_Flow 19-2313] Loaded Vivado IP repository 'D:/Vivado2017/Vivado/2017.2/data/ip'.
open_project: Time (s): cpu = 00:00:10 ; elapsed = 00:00:10 . Memory (MB): peak = 734.020 ; gain = 18.527
INFO: [IP_Flow 19-5107] Inferred bus interface 'mem_axi' of definition 'xilinx.com:interface:aximm:1.0' (from Xilinx Repository).
INFO: [IP_Flow 19-4753] Inferred signal 'reset' from port 'resetn' as interface 'resetn'.
INFO: [IP_Flow 19-4728] Bus Interface 'resetn': Added interface parameter 'POLARITY' with value 'ACTIVE_LOW'.
INFO: [IP_Flow 19-4753] Inferred signal 'clock' from port 'clk' as interface 'clk'.
INFO: [IP_Flow 19-4728] Bus Interface 'clk': Added interface parameter 'ASSOCIATED_BUSIF' with value 'mem_axi'.
INFO: [IP_Flow 19-4753] Inferred signal 'interrupt' from port 'irq' as interface 'irq'.
INFO: [IP_Flow 19-4728] Bus Interface 'irq': Added interface parameter 'SENSITIVITY' with value 'LEVEL_HIGH'.
INFO: [IP_Flow 19-4728] Bus Interface 'clk': Added interface parameter 'ASSOCIATED_RESET' with value 'resetn'.
INFO: [IP_Flow 19-234] Refreshing IP repositories
INFO: [IP_Flow 19-1704] No user IP repositories specified
update_compile_order -fileset sources_1
open_bd_design {D:/Dropbox/Studium/Bakk Arbeit/VivadoProject/PicroRV/PicroRV.srcs/sources_1/bd/design_1/design_1.bd}
Adding cell -- xilinx.com:module_ref:picorv32_axi:1.0 - picorv32_axi_0
Adding cell -- xilinx.com:ip:blk_mem_gen:8.3 - blk_mem_gen_0
Adding cell -- xilinx.com:ip:axi_bram_ctrl:4.0 - axi_bram_ctrl_0
Successfully read diagram <design_1> from BD file <D:/Dropbox/Studium/Bakk Arbeit/VivadoProject/PicroRV/PicroRV.srcs/sources_1/bd/design_1/design_1.bd>
open_bd_design: Time (s): cpu = 00:00:09 ; elapsed = 00:00:11 . Memory (MB): peak = 818.523 ; gain = 63.211
INFO: [Device 21-403] Loading part xc7z020clg484-1
startgroup
create_bd_cell -type ip -vlnv xilinx.com:ip:processing_system7:5.5 processing_system7_0
endgroup
WARNING: [IP_Flow 19-474] Invalid Parameter 'Component_Name'
startgroup
set_property -dict [list CONFIG.PCW_UART1_PERIPHERAL_ENABLE {1} CONFIG.PCW_UART1_UART1_IO {MIO 48 .. 49} CONFIG.PCW_USB1_PERIPHERAL_ENABLE {0}] [get_bd_cells processing_system7_0]
endgroup
WARNING: [IP_Flow 19-474] Invalid Parameter 'Component_Name'
startgroup
set_property -dict [list CONFIG.PCW_UART1_PERIPHERAL_ENABLE {1} CONFIG.PCW_UART1_UART1_IO {EMIO}] [get_bd_cells processing_system7_0]
endgroup
open_bd_design {D:/Dropbox/Studium/Bakk Arbeit/VivadoProject/PicroRV/PicroRV.srcs/sources_1/bd/design_1/design_1.bd}
WARNING: [IP_Flow 19-474] Invalid Parameter 'Component_Name'
WARNING: [IP_Flow 19-474] Invalid Parameter 'Component_Name'
file mkdir D:/BakkArbeit_git/VivadoProject/PicroRV/PicroRV.srcs/sources_1/new
close [ open D:/BakkArbeit_git/VivadoProject/PicroRV/PicroRV.srcs/sources_1/new/UART_datagenerator.v w ]
add_files D:/BakkArbeit_git/VivadoProject/PicroRV/PicroRV.srcs/sources_1/new/UART_datagenerator.v
update_compile_order -fileset sources_1
open_bd_design {D:/Dropbox/Studium/Bakk Arbeit/VivadoProject/PicroRV/PicroRV.srcs/sources_1/bd/design_1/design_1.bd}
create_bd_cell -type module -reference UART_datagenerator UART_datagenerator_0
WARNING: [IP_Flow 19-965] There are no component ports to infer bus interfaces.
ERROR: [IP_Flow 19-748] Component Definition 'xilinx.com:module_ref:UART_datagenerator:1.0 (UART_datagenerator_v1_0)': No ports found. There must be an interface when the IP has at least one source file group.
ERROR: [IP_Flow 19-4668] Failed to infer definition from module 'UART_datagenerator'.
ERROR: [BD 41-1699] Unable to add reference type cell for reference-module 'UART_datagenerator'
ERROR: [BD 5-7] Error: running create_bd_cell  -type module -reference UART_datagenerator -name UART_datagenerator_0 .
ERROR: [Common 17-39] 'create_bd_cell' failed due to earlier errors.
validate_bd_design
ERROR: [BD 41-758] The following clock pins are not connected to a valid clock source: 
/processing_system7_0/M_AXI_GP0_ACLK

ERROR: [Common 17-39] 'validate_bd_design' failed due to earlier errors.
open_bd_design {D:/Dropbox/Studium/Bakk Arbeit/VivadoProject/PicroRV/PicroRV.srcs/sources_1/bd/design_1/design_1.bd}
WARNING: [IP_Flow 19-474] Invalid Parameter 'Component_Name'
connect_bd_net [get_bd_ports clk] [get_bd_pins processing_system7_0/M_AXI_GP0_ACLK]
validate_bd_design
WARNING: [BD 41-721] Attempt to set value '0' on disabled parameter 'ID_WIDTH' of cell '/axi_bram_ctrl_0' is ignored
WARNING: [BD 41-721] Attempt to set value 'NO' on disabled parameter 'SUPPORTS_NARROW_BURST' of cell '/axi_bram_ctrl_0' is ignored
CRITICAL WARNING: [BD 41-1356] Address block </axi_bram_ctrl_0/S_AXI/Mem0> is not mapped into </picorv32_axi_0/mem_axi>. Please use Address Editor to either map or exclude it.
CRITICAL WARNING: [BD 41-237] Bus Interface property MASTER_TYPE does not match between /blk_mem_gen_0/BRAM_PORTA(OTHER) and /axi_bram_ctrl_0/BRAM_PORTA(BRAM_CTRL)
CRITICAL WARNING: [BD 41-759] The input pins (listed below) are either not connected or do not have a source port, and they don't have a tie-off specified. These pins are tied-off to all 0's to avoid error in Implementation flow.
Please check your design and connect them as needed: 
/picorv32_axi_0/pcpi_wr
/picorv32_axi_0/pcpi_rd
/picorv32_axi_0/pcpi_wait
/picorv32_axi_0/pcpi_ready
/picorv32_axi_0/irq

save_bd_design
Wrote  : <D:/Dropbox/Studium/Bakk Arbeit/VivadoProject/PicroRV/PicroRV.srcs/sources_1/bd/design_1/design_1.bd> 
Wrote  : <D:/Dropbox/Studium/Bakk Arbeit/VivadoProject/PicroRV/PicroRV.srcs/sources_1/bd/design_1/ui/bd_1f5defd0.ui> 
reset_run synth_1
launch_runs synth_1 -jobs 4
INFO: [BD 41-1662] The design 'design_1.bd' is already validated. Therefore parameter propagation will not be re-run.
CRITICAL WARNING: [BD 41-1356] Address block </axi_bram_ctrl_0/S_AXI/Mem0> is not mapped into </picorv32_axi_0/mem_axi>. Please use Address Editor to either map or exclude it.
CRITICAL WARNING: [BD 41-759] The input pins (listed below) are either not connected or do not have a source port, and they don't have a tie-off specified. These pins are tied-off to all 0's to avoid error in Implementation flow.
Please check your design and connect them as needed: 
/picorv32_axi_0/pcpi_wr
/picorv32_axi_0/pcpi_rd
/picorv32_axi_0/pcpi_wait
/picorv32_axi_0/pcpi_ready
/picorv32_axi_0/irq

WARNING: [BD 41-235] Width mismatch when connecting pin: '/blk_mem_gen_0/addra'(13) to net 'axi_bram_ctrl_0_BRAM_PORTA_ADDR'(15) - Only lower order bits will be connected.
WARNING: [BD 41-235] Width mismatch when connecting pin: '/blk_mem_gen_0/wea'(1) to net 'axi_bram_ctrl_0_BRAM_PORTA_WE'(4) - Only lower order bits will be connected.
Verilog Output written to : D:/Dropbox/Studium/Bakk Arbeit/VivadoProject/PicroRV/PicroRV.srcs/sources_1/bd/design_1/hdl/design_1.v
Verilog Output written to : D:/Dropbox/Studium/Bakk Arbeit/VivadoProject/PicroRV/PicroRV.srcs/sources_1/bd/design_1/hdl/design_1_wrapper.v
INFO: [BD 41-1029] Generation completed for the IP Integrator block picorv32_axi_0 .
INFO: [BD 41-1029] Generation completed for the IP Integrator block blk_mem_gen_0 .
INFO: [BD 41-1029] Generation completed for the IP Integrator block axi_bram_ctrl_0 .
INFO: [BD 41-1029] Generation completed for the IP Integrator block processing_system7_0 .
Exporting to file D:/Dropbox/Studium/Bakk Arbeit/VivadoProject/PicroRV/PicroRV.srcs/sources_1/bd/design_1/hw_handoff/design_1.hwh
Generated Block Design Tcl file D:/Dropbox/Studium/Bakk Arbeit/VivadoProject/PicroRV/PicroRV.srcs/sources_1/bd/design_1/hw_handoff/design_1_bd.tcl
Generated Hardware Definition File D:/Dropbox/Studium/Bakk Arbeit/VivadoProject/PicroRV/PicroRV.srcs/sources_1/bd/design_1/hdl/design_1.hwdef
[Tue Oct 24 22:38:26 2017] Launched synth_1...
Run output will be captured here: D:/BakkArbeit_git/VivadoProject/PicroRV/PicroRV.runs/synth_1/runme.log
launch_runs: Time (s): cpu = 00:00:17 ; elapsed = 00:00:27 . Memory (MB): peak = 1455.309 ; gain = 35.488
create_bd_cell -type module -reference UART_datagenerator UART_datagenerator_0
INFO: [IP_Flow 19-4753] Inferred signal 'clock' from port 'clk' as interface 'clk'.
WARNING: [IP_Flow 19-3153] Bus Interface 'clk': ASSOCIATED_BUSIF bus parameter is missing.
INFO: [IP_Flow 19-234] Refreshing IP repositories
INFO: [IP_Flow 19-1704] No user IP repositories specified
connect_bd_net [get_bd_pins UART_datagenerator_0/out] [get_bd_pins processing_system7_0/UART1_RX]
WARNING: [BD 41-1306] The connection to interface pin /processing_system7_0/UART1_RX is being overridden by the user. This pin will not be connected as a part of interface connection UART_1
connect_bd_net [get_bd_ports clk] [get_bd_pins UART_datagenerator_0/clk]
save_bd_design
Wrote  : <D:/Dropbox/Studium/Bakk Arbeit/VivadoProject/PicroRV/PicroRV.srcs/sources_1/bd/design_1/design_1.bd> 
Wrote  : <D:/Dropbox/Studium/Bakk Arbeit/VivadoProject/PicroRV/PicroRV.srcs/sources_1/bd/design_1/ui/bd_1f5defd0.ui> 
reset_run synth_1
launch_runs synth_1 -jobs 4
CRITICAL WARNING: [BD 41-1367] The port name 'out' of cell '/UART_datagenerator_0' is a reserved keyword in a Hardware Description Language. Please consider renaming the port.
WARNING: [BD 41-721] Attempt to set value '0' on disabled parameter 'ID_WIDTH' of cell '/axi_bram_ctrl_0' is ignored
WARNING: [BD 41-721] Attempt to set value 'NO' on disabled parameter 'SUPPORTS_NARROW_BURST' of cell '/axi_bram_ctrl_0' is ignored
CRITICAL WARNING: [BD 41-1356] Address block </axi_bram_ctrl_0/S_AXI/Mem0> is not mapped into </picorv32_axi_0/mem_axi>. Please use Address Editor to either map or exclude it.
CRITICAL WARNING: [BD 41-237] Bus Interface property MASTER_TYPE does not match between /blk_mem_gen_0/BRAM_PORTA(OTHER) and /axi_bram_ctrl_0/BRAM_PORTA(BRAM_CTRL)
CRITICAL WARNING: [BD 41-759] The input pins (listed below) are either not connected or do not have a source port, and they don't have a tie-off specified. These pins are tied-off to all 0's to avoid error in Implementation flow.
Please check your design and connect them as needed: 
/picorv32_axi_0/pcpi_wr
/picorv32_axi_0/pcpi_rd
/picorv32_axi_0/pcpi_wait
/picorv32_axi_0/pcpi_ready
/picorv32_axi_0/irq

Wrote  : <D:/Dropbox/Studium/Bakk Arbeit/VivadoProject/PicroRV/PicroRV.srcs/sources_1/bd/design_1/design_1.bd> 
WARNING: [BD 41-235] Width mismatch when connecting pin: '/blk_mem_gen_0/addra'(13) to net 'axi_bram_ctrl_0_BRAM_PORTA_ADDR'(15) - Only lower order bits will be connected.
WARNING: [BD 41-235] Width mismatch when connecting pin: '/blk_mem_gen_0/wea'(1) to net 'axi_bram_ctrl_0_BRAM_PORTA_WE'(4) - Only lower order bits will be connected.
Verilog Output written to : D:/Dropbox/Studium/Bakk Arbeit/VivadoProject/PicroRV/PicroRV.srcs/sources_1/bd/design_1/hdl/design_1.v
Verilog Output written to : D:/Dropbox/Studium/Bakk Arbeit/VivadoProject/PicroRV/PicroRV.srcs/sources_1/bd/design_1/hdl/design_1_wrapper.v
INFO: [BD 41-1029] Generation completed for the IP Integrator block picorv32_axi_0 .
INFO: [BD 41-1029] Generation completed for the IP Integrator block blk_mem_gen_0 .
INFO: [BD 41-1029] Generation completed for the IP Integrator block axi_bram_ctrl_0 .
INFO: [BD 41-1029] Generation completed for the IP Integrator block processing_system7_0 .
INFO: [BD 41-1029] Generation completed for the IP Integrator block UART_datagenerator_0 .
Exporting to file D:/Dropbox/Studium/Bakk Arbeit/VivadoProject/PicroRV/PicroRV.srcs/sources_1/bd/design_1/hw_handoff/design_1.hwh
Generated Block Design Tcl file D:/Dropbox/Studium/Bakk Arbeit/VivadoProject/PicroRV/PicroRV.srcs/sources_1/bd/design_1/hw_handoff/design_1_bd.tcl
Generated Hardware Definition File D:/Dropbox/Studium/Bakk Arbeit/VivadoProject/PicroRV/PicroRV.srcs/sources_1/bd/design_1/hdl/design_1.hwdef
[Tue Oct 24 22:39:05 2017] Launched synth_1...
Run output will be captured here: D:/BakkArbeit_git/VivadoProject/PicroRV/PicroRV.runs/synth_1/runme.log
launch_runs: Time (s): cpu = 00:00:02 ; elapsed = 00:00:06 . Memory (MB): peak = 1473.523 ; gain = 18.215
open_run synth_1 -name synth_1
Design is defaulting to impl run constrset: constrs_1
Design is defaulting to synth run part: xc7z020clg484-1
INFO: [Netlist 29-17] Analyzing 105 Unisim elements for replacement
INFO: [Netlist 29-28] Unisim Transformation completed in 0 CPU seconds
WARNING: [Netlist 29-101] Netlist 'design_1_wrapper' is not ideal for floorplanning, since the cellview 'picorv32' contains a large number of primitives.  Please consider enabling hierarchy in synthesis if you want to do floorplanning.
INFO: [Project 1-479] Netlist was created with Vivado 2017.2
INFO: [Project 1-570] Preparing netlist for logic optimization
Parsing XDC File [d:/Dropbox/Studium/Bakk Arbeit/VivadoProject/PicroRV/PicroRV.srcs/sources_1/bd/design_1/ip/design_1_processing_system7_0_0/design_1_processing_system7_0_0.xdc] for cell 'design_1_i/processing_system7_0/inst'
CRITICAL WARNING: [Netlist 29-160] Cannot set property 'iostandard', because the property does not exist for objects of type 'pin'. [d:/Dropbox/Studium/Bakk Arbeit/VivadoProject/PicroRV/PicroRV.srcs/sources_1/bd/design_1/ip/design_1_processing_system7_0_0/design_1_processing_system7_0_0.xdc:29]
Resolution: Modify the set_property command to apply the property on the correct object type. Since the property is being applied as a scoped constraint, ensure the proper connectivity of the object port objects can be translated into pin objects. This could be due to the insertion of IO Buffers between the top level terminal and cell pin. If the goal is to apply constraints that will migrate to top level ports it is required that IO Buffers manually be instanced.
CRITICAL WARNING: [Netlist 29-160] Cannot set property 'PACKAGE_PIN', because the property does not exist for objects of type 'pin'. [d:/Dropbox/Studium/Bakk Arbeit/VivadoProject/PicroRV/PicroRV.srcs/sources_1/bd/design_1/ip/design_1_processing_system7_0_0/design_1_processing_system7_0_0.xdc:30]
Resolution: Modify the set_property command to apply the property on the correct object type. Since the property is being applied as a scoped constraint, ensure the proper connectivity of the object port objects can be translated into pin objects. This could be due to the insertion of IO Buffers between the top level terminal and cell pin. If the goal is to apply constraints that will migrate to top level ports it is required that IO Buffers manually be instanced.
CRITICAL WARNING: [Netlist 29-160] Cannot set property 'slew', because the property does not exist for objects of type 'pin'. [d:/Dropbox/Studium/Bakk Arbeit/VivadoProject/PicroRV/PicroRV.srcs/sources_1/bd/design_1/ip/design_1_processing_system7_0_0/design_1_processing_system7_0_0.xdc:31]
Resolution: Modify the set_property command to apply the property on the correct object type. Since the property is being applied as a scoped constraint, ensure the proper connectivity of the object port objects can be translated into pin objects. This could be due to the insertion of IO Buffers between the top level terminal and cell pin. If the goal is to apply constraints that will migrate to top level ports it is required that IO Buffers manually be instanced.
CRITICAL WARNING: [Netlist 29-160] Cannot set property 'PIO_DIRECTION', because the property does not exist for objects of type 'pin'. [d:/Dropbox/Studium/Bakk Arbeit/VivadoProject/PicroRV/PicroRV.srcs/sources_1/bd/design_1/ip/design_1_processing_system7_0_0/design_1_processing_system7_0_0.xdc:32]
Resolution: Modify the set_property command to apply the property on the correct object type. Since the property is being applied as a scoped constraint, ensure the proper connectivity of the object port objects can be translated into pin objects. This could be due to the insertion of IO Buffers between the top level terminal and cell pin. If the goal is to apply constraints that will migrate to top level ports it is required that IO Buffers manually be instanced.
CRITICAL WARNING: [Netlist 29-160] Cannot set property 'iostandard', because the property does not exist for objects of type 'pin'. [d:/Dropbox/Studium/Bakk Arbeit/VivadoProject/PicroRV/PicroRV.srcs/sources_1/bd/design_1/ip/design_1_processing_system7_0_0/design_1_processing_system7_0_0.xdc:33]
Resolution: Modify the set_property command to apply the property on the correct object type. Since the property is being applied as a scoped constraint, ensure the proper connectivity of the object port objects can be translated into pin objects. This could be due to the insertion of IO Buffers between the top level terminal and cell pin. If the goal is to apply constraints that will migrate to top level ports it is required that IO Buffers manually be instanced.
CRITICAL WARNING: [Netlist 29-160] Cannot set property 'PACKAGE_PIN', because the property does not exist for objects of type 'pin'. [d:/Dropbox/Studium/Bakk Arbeit/VivadoProject/PicroRV/PicroRV.srcs/sources_1/bd/design_1/ip/design_1_processing_system7_0_0/design_1_processing_system7_0_0.xdc:34]
Resolution: Modify the set_property command to apply the property on the correct object type. Since the property is being applied as a scoped constraint, ensure the proper connectivity of the object port objects can be translated into pin objects. This could be due to the insertion of IO Buffers between the top level terminal and cell pin. If the goal is to apply constraints that will migrate to top level ports it is required that IO Buffers manually be instanced.
CRITICAL WARNING: [Netlist 29-160] Cannot set property 'slew', because the property does not exist for objects of type 'pin'. [d:/Dropbox/Studium/Bakk Arbeit/VivadoProject/PicroRV/PicroRV.srcs/sources_1/bd/design_1/ip/design_1_processing_system7_0_0/design_1_processing_system7_0_0.xdc:35]
Resolution: Modify the set_property command to apply the property on the correct object type. Since the property is being applied as a scoped constraint, ensure the proper connectivity of the object port objects can be translated into pin objects. This could be due to the insertion of IO Buffers between the top level terminal and cell pin. If the goal is to apply constraints that will migrate to top level ports it is required that IO Buffers manually be instanced.
CRITICAL WARNING: [Netlist 29-160] Cannot set property 'PIO_DIRECTION', because the property does not exist for objects of type 'pin'. [d:/Dropbox/Studium/Bakk Arbeit/VivadoProject/PicroRV/PicroRV.srcs/sources_1/bd/design_1/ip/design_1_processing_system7_0_0/design_1_processing_system7_0_0.xdc:36]
Resolution: Modify the set_property command to apply the property on the correct object type. Since the property is being applied as a scoped constraint, ensure the proper connectivity of the object port objects can be translated into pin objects. This could be due to the insertion of IO Buffers between the top level terminal and cell pin. If the goal is to apply constraints that will migrate to top level ports it is required that IO Buffers manually be instanced.
CRITICAL WARNING: [Netlist 29-160] Cannot set property 'iostandard', because the property does not exist for objects of type 'pin'. [d:/Dropbox/Studium/Bakk Arbeit/VivadoProject/PicroRV/PicroRV.srcs/sources_1/bd/design_1/ip/design_1_processing_system7_0_0/design_1_processing_system7_0_0.xdc:37]
Resolution: Modify the set_property command to apply the property on the correct object type. Since the property is being applied as a scoped constraint, ensure the proper connectivity of the object port objects can be translated into pin objects. This could be due to the insertion of IO Buffers between the top level terminal and cell pin. If the goal is to apply constraints that will migrate to top level ports it is required that IO Buffers manually be instanced.
CRITICAL WARNING: [Netlist 29-160] Cannot set property 'PACKAGE_PIN', because the property does not exist for objects of type 'pin'. [d:/Dropbox/Studium/Bakk Arbeit/VivadoProject/PicroRV/PicroRV.srcs/sources_1/bd/design_1/ip/design_1_processing_system7_0_0/design_1_processing_system7_0_0.xdc:38]
Resolution: Modify the set_property command to apply the property on the correct object type. Since the property is being applied as a scoped constraint, ensure the proper connectivity of the object port objects can be translated into pin objects. This could be due to the insertion of IO Buffers between the top level terminal and cell pin. If the goal is to apply constraints that will migrate to top level ports it is required that IO Buffers manually be instanced.
CRITICAL WARNING: [Netlist 29-160] Cannot set property 'slew', because the property does not exist for objects of type 'pin'. [d:/Dropbox/Studium/Bakk Arbeit/VivadoProject/PicroRV/PicroRV.srcs/sources_1/bd/design_1/ip/design_1_processing_system7_0_0/design_1_processing_system7_0_0.xdc:39]
Resolution: Modify the set_property command to apply the property on the correct object type. Since the property is being applied as a scoped constraint, ensure the proper connectivity of the object port objects can be translated into pin objects. This could be due to the insertion of IO Buffers between the top level terminal and cell pin. If the goal is to apply constraints that will migrate to top level ports it is required that IO Buffers manually be instanced.
CRITICAL WARNING: [Netlist 29-160] Cannot set property 'PIO_DIRECTION', because the property does not exist for objects of type 'pin'. [d:/Dropbox/Studium/Bakk Arbeit/VivadoProject/PicroRV/PicroRV.srcs/sources_1/bd/design_1/ip/design_1_processing_system7_0_0/design_1_processing_system7_0_0.xdc:40]
Resolution: Modify the set_property command to apply the property on the correct object type. Since the property is being applied as a scoped constraint, ensure the proper connectivity of the object port objects can be translated into pin objects. This could be due to the insertion of IO Buffers between the top level terminal and cell pin. If the goal is to apply constraints that will migrate to top level ports it is required that IO Buffers manually be instanced.
CRITICAL WARNING: [Netlist 29-160] Cannot set property 'iostandard', because the property does not exist for objects of type 'pin'. [d:/Dropbox/Studium/Bakk Arbeit/VivadoProject/PicroRV/PicroRV.srcs/sources_1/bd/design_1/ip/design_1_processing_system7_0_0/design_1_processing_system7_0_0.xdc:41]
Resolution: Modify the set_property command to apply the property on the correct object type. Since the property is being applied as a scoped constraint, ensure the proper connectivity of the object port objects can be translated into pin objects. This could be due to the insertion of IO Buffers between the top level terminal and cell pin. If the goal is to apply constraints that will migrate to top level ports it is required that IO Buffers manually be instanced.
CRITICAL WARNING: [Netlist 29-160] Cannot set property 'PACKAGE_PIN', because the property does not exist for objects of type 'pin'. [d:/Dropbox/Studium/Bakk Arbeit/VivadoProject/PicroRV/PicroRV.srcs/sources_1/bd/design_1/ip/design_1_processing_system7_0_0/design_1_processing_system7_0_0.xdc:42]
Resolution: Modify the set_property command to apply the property on the correct object type. Since the property is being applied as a scoped constraint, ensure the proper connectivity of the object port objects can be translated into pin objects. This could be due to the insertion of IO Buffers between the top level terminal and cell pin. If the goal is to apply constraints that will migrate to top level ports it is required that IO Buffers manually be instanced.
CRITICAL WARNING: [Netlist 29-160] Cannot set property 'slew', because the property does not exist for objects of type 'pin'. [d:/Dropbox/Studium/Bakk Arbeit/VivadoProject/PicroRV/PicroRV.srcs/sources_1/bd/design_1/ip/design_1_processing_system7_0_0/design_1_processing_system7_0_0.xdc:43]
Resolution: Modify the set_property command to apply the property on the correct object type. Since the property is being applied as a scoped constraint, ensure the proper connectivity of the object port objects can be translated into pin objects. This could be due to the insertion of IO Buffers between the top level terminal and cell pin. If the goal is to apply constraints that will migrate to top level ports it is required that IO Buffers manually be instanced.
CRITICAL WARNING: [Netlist 29-160] Cannot set property 'PIO_DIRECTION', because the property does not exist for objects of type 'pin'. [d:/Dropbox/Studium/Bakk Arbeit/VivadoProject/PicroRV/PicroRV.srcs/sources_1/bd/design_1/ip/design_1_processing_system7_0_0/design_1_processing_system7_0_0.xdc:44]
Resolution: Modify the set_property command to apply the property on the correct object type. Since the property is being applied as a scoped constraint, ensure the proper connectivity of the object port objects can be translated into pin objects. This could be due to the insertion of IO Buffers between the top level terminal and cell pin. If the goal is to apply constraints that will migrate to top level ports it is required that IO Buffers manually be instanced.
CRITICAL WARNING: [Netlist 29-160] Cannot set property 'iostandard', because the property does not exist for objects of type 'pin'. [d:/Dropbox/Studium/Bakk Arbeit/VivadoProject/PicroRV/PicroRV.srcs/sources_1/bd/design_1/ip/design_1_processing_system7_0_0/design_1_processing_system7_0_0.xdc:45]
Resolution: Modify the set_property command to apply the property on the correct object type. Since the property is being applied as a scoped constraint, ensure the proper connectivity of the object port objects can be translated into pin objects. This could be due to the insertion of IO Buffers between the top level terminal and cell pin. If the goal is to apply constraints that will migrate to top level ports it is required that IO Buffers manually be instanced.
CRITICAL WARNING: [Netlist 29-160] Cannot set property 'PACKAGE_PIN', because the property does not exist for objects of type 'pin'. [d:/Dropbox/Studium/Bakk Arbeit/VivadoProject/PicroRV/PicroRV.srcs/sources_1/bd/design_1/ip/design_1_processing_system7_0_0/design_1_processing_system7_0_0.xdc:46]
Resolution: Modify the set_property command to apply the property on the correct object type. Since the property is being applied as a scoped constraint, ensure the proper connectivity of the object port objects can be translated into pin objects. This could be due to the insertion of IO Buffers between the top level terminal and cell pin. If the goal is to apply constraints that will migrate to top level ports it is required that IO Buffers manually be instanced.
CRITICAL WARNING: [Netlist 29-160] Cannot set property 'slew', because the property does not exist for objects of type 'pin'. [d:/Dropbox/Studium/Bakk Arbeit/VivadoProject/PicroRV/PicroRV.srcs/sources_1/bd/design_1/ip/design_1_processing_system7_0_0/design_1_processing_system7_0_0.xdc:47]
Resolution: Modify the set_property command to apply the property on the correct object type. Since the property is being applied as a scoped constraint, ensure the proper connectivity of the object port objects can be translated into pin objects. This could be due to the insertion of IO Buffers between the top level terminal and cell pin. If the goal is to apply constraints that will migrate to top level ports it is required that IO Buffers manually be instanced.
CRITICAL WARNING: [Netlist 29-160] Cannot set property 'PIO_DIRECTION', because the property does not exist for objects of type 'pin'. [d:/Dropbox/Studium/Bakk Arbeit/VivadoProject/PicroRV/PicroRV.srcs/sources_1/bd/design_1/ip/design_1_processing_system7_0_0/design_1_processing_system7_0_0.xdc:48]
Resolution: Modify the set_property command to apply the property on the correct object type. Since the property is being applied as a scoped constraint, ensure the proper connectivity of the object port objects can be translated into pin objects. This could be due to the insertion of IO Buffers between the top level terminal and cell pin. If the goal is to apply constraints that will migrate to top level ports it is required that IO Buffers manually be instanced.
CRITICAL WARNING: [Netlist 29-160] Cannot set property 'iostandard', because the property does not exist for objects of type 'pin'. [d:/Dropbox/Studium/Bakk Arbeit/VivadoProject/PicroRV/PicroRV.srcs/sources_1/bd/design_1/ip/design_1_processing_system7_0_0/design_1_processing_system7_0_0.xdc:49]
Resolution: Modify the set_property command to apply the property on the correct object type. Since the property is being applied as a scoped constraint, ensure the proper connectivity of the object port objects can be translated into pin objects. This could be due to the insertion of IO Buffers between the top level terminal and cell pin. If the goal is to apply constraints that will migrate to top level ports it is required that IO Buffers manually be instanced.
CRITICAL WARNING: [Netlist 29-160] Cannot set property 'PACKAGE_PIN', because the property does not exist for objects of type 'pin'. [d:/Dropbox/Studium/Bakk Arbeit/VivadoProject/PicroRV/PicroRV.srcs/sources_1/bd/design_1/ip/design_1_processing_system7_0_0/design_1_processing_system7_0_0.xdc:50]
Resolution: Modify the set_property command to apply the property on the correct object type. Since the property is being applied as a scoped constraint, ensure the proper connectivity of the object port objects can be translated into pin objects. This could be due to the insertion of IO Buffers between the top level terminal and cell pin. If the goal is to apply constraints that will migrate to top level ports it is required that IO Buffers manually be instanced.
CRITICAL WARNING: [Netlist 29-160] Cannot set property 'slew', because the property does not exist for objects of type 'pin'. [d:/Dropbox/Studium/Bakk Arbeit/VivadoProject/PicroRV/PicroRV.srcs/sources_1/bd/design_1/ip/design_1_processing_system7_0_0/design_1_processing_system7_0_0.xdc:51]
Resolution: Modify the set_property command to apply the property on the correct object type. Since the property is being applied as a scoped constraint, ensure the proper connectivity of the object port objects can be translated into pin objects. This could be due to the insertion of IO Buffers between the top level terminal and cell pin. If the goal is to apply constraints that will migrate to top level ports it is required that IO Buffers manually be instanced.
CRITICAL WARNING: [Netlist 29-160] Cannot set property 'PIO_DIRECTION', because the property does not exist for objects of type 'pin'. [d:/Dropbox/Studium/Bakk Arbeit/VivadoProject/PicroRV/PicroRV.srcs/sources_1/bd/design_1/ip/design_1_processing_system7_0_0/design_1_processing_system7_0_0.xdc:52]
Resolution: Modify the set_property command to apply the property on the correct object type. Since the property is being applied as a scoped constraint, ensure the proper connectivity of the object port objects can be translated into pin objects. This could be due to the insertion of IO Buffers between the top level terminal and cell pin. If the goal is to apply constraints that will migrate to top level ports it is required that IO Buffers manually be instanced.
CRITICAL WARNING: [Netlist 29-160] Cannot set property 'iostandard', because the property does not exist for objects of type 'pin'. [d:/Dropbox/Studium/Bakk Arbeit/VivadoProject/PicroRV/PicroRV.srcs/sources_1/bd/design_1/ip/design_1_processing_system7_0_0/design_1_processing_system7_0_0.xdc:53]
Resolution: Modify the set_property command to apply the property on the correct object type. Since the property is being applied as a scoped constraint, ensure the proper connectivity of the object port objects can be translated into pin objects. This could be due to the insertion of IO Buffers between the top level terminal and cell pin. If the goal is to apply constraints that will migrate to top level ports it is required that IO Buffers manually be instanced.
CRITICAL WARNING: [Netlist 29-160] Cannot set property 'PACKAGE_PIN', because the property does not exist for objects of type 'pin'. [d:/Dropbox/Studium/Bakk Arbeit/VivadoProject/PicroRV/PicroRV.srcs/sources_1/bd/design_1/ip/design_1_processing_system7_0_0/design_1_processing_system7_0_0.xdc:54]
Resolution: Modify the set_property command to apply the property on the correct object type. Since the property is being applied as a scoped constraint, ensure the proper connectivity of the object port objects can be translated into pin objects. This could be due to the insertion of IO Buffers between the top level terminal and cell pin. If the goal is to apply constraints that will migrate to top level ports it is required that IO Buffers manually be instanced.
CRITICAL WARNING: [Netlist 29-160] Cannot set property 'slew', because the property does not exist for objects of type 'pin'. [d:/Dropbox/Studium/Bakk Arbeit/VivadoProject/PicroRV/PicroRV.srcs/sources_1/bd/design_1/ip/design_1_processing_system7_0_0/design_1_processing_system7_0_0.xdc:55]
Resolution: Modify the set_property command to apply the property on the correct object type. Since the property is being applied as a scoped constraint, ensure the proper connectivity of the object port objects can be translated into pin objects. This could be due to the insertion of IO Buffers between the top level terminal and cell pin. If the goal is to apply constraints that will migrate to top level ports it is required that IO Buffers manually be instanced.
CRITICAL WARNING: [Netlist 29-160] Cannot set property 'PIO_DIRECTION', because the property does not exist for objects of type 'pin'. [d:/Dropbox/Studium/Bakk Arbeit/VivadoProject/PicroRV/PicroRV.srcs/sources_1/bd/design_1/ip/design_1_processing_system7_0_0/design_1_processing_system7_0_0.xdc:56]
Resolution: Modify the set_property command to apply the property on the correct object type. Since the property is being applied as a scoped constraint, ensure the proper connectivity of the object port objects can be translated into pin objects. This could be due to the insertion of IO Buffers between the top level terminal and cell pin. If the goal is to apply constraints that will migrate to top level ports it is required that IO Buffers manually be instanced.
CRITICAL WARNING: [Netlist 29-160] Cannot set property 'iostandard', because the property does not exist for objects of type 'pin'. [d:/Dropbox/Studium/Bakk Arbeit/VivadoProject/PicroRV/PicroRV.srcs/sources_1/bd/design_1/ip/design_1_processing_system7_0_0/design_1_processing_system7_0_0.xdc:57]
Resolution: Modify the set_property command to apply the property on the correct object type. Since the property is being applied as a scoped constraint, ensure the proper connectivity of the object port objects can be translated into pin objects. This could be due to the insertion of IO Buffers between the top level terminal and cell pin. If the goal is to apply constraints that will migrate to top level ports it is required that IO Buffers manually be instanced.
CRITICAL WARNING: [Netlist 29-160] Cannot set property 'PACKAGE_PIN', because the property does not exist for objects of type 'pin'. [d:/Dropbox/Studium/Bakk Arbeit/VivadoProject/PicroRV/PicroRV.srcs/sources_1/bd/design_1/ip/design_1_processing_system7_0_0/design_1_processing_system7_0_0.xdc:58]
Resolution: Modify the set_property command to apply the property on the correct object type. Since the property is being applied as a scoped constraint, ensure the proper connectivity of the object port objects can be translated into pin objects. This could be due to the insertion of IO Buffers between the top level terminal and cell pin. If the goal is to apply constraints that will migrate to top level ports it is required that IO Buffers manually be instanced.
CRITICAL WARNING: [Netlist 29-160] Cannot set property 'slew', because the property does not exist for objects of type 'pin'. [d:/Dropbox/Studium/Bakk Arbeit/VivadoProject/PicroRV/PicroRV.srcs/sources_1/bd/design_1/ip/design_1_processing_system7_0_0/design_1_processing_system7_0_0.xdc:59]
Resolution: Modify the set_property command to apply the property on the correct object type. Since the property is being applied as a scoped constraint, ensure the proper connectivity of the object port objects can be translated into pin objects. This could be due to the insertion of IO Buffers between the top level terminal and cell pin. If the goal is to apply constraints that will migrate to top level ports it is required that IO Buffers manually be instanced.
CRITICAL WARNING: [Netlist 29-160] Cannot set property 'PIO_DIRECTION', because the property does not exist for objects of type 'pin'. [d:/Dropbox/Studium/Bakk Arbeit/VivadoProject/PicroRV/PicroRV.srcs/sources_1/bd/design_1/ip/design_1_processing_system7_0_0/design_1_processing_system7_0_0.xdc:60]
Resolution: Modify the set_property command to apply the property on the correct object type. Since the property is being applied as a scoped constraint, ensure the proper connectivity of the object port objects can be translated into pin objects. This could be due to the insertion of IO Buffers between the top level terminal and cell pin. If the goal is to apply constraints that will migrate to top level ports it is required that IO Buffers manually be instanced.
CRITICAL WARNING: [Netlist 29-160] Cannot set property 'iostandard', because the property does not exist for objects of type 'pin'. [d:/Dropbox/Studium/Bakk Arbeit/VivadoProject/PicroRV/PicroRV.srcs/sources_1/bd/design_1/ip/design_1_processing_system7_0_0/design_1_processing_system7_0_0.xdc:61]
Resolution: Modify the set_property command to apply the property on the correct object type. Since the property is being applied as a scoped constraint, ensure the proper connectivity of the object port objects can be translated into pin objects. This could be due to the insertion of IO Buffers between the top level terminal and cell pin. If the goal is to apply constraints that will migrate to top level ports it is required that IO Buffers manually be instanced.
CRITICAL WARNING: [Netlist 29-160] Cannot set property 'PACKAGE_PIN', because the property does not exist for objects of type 'pin'. [d:/Dropbox/Studium/Bakk Arbeit/VivadoProject/PicroRV/PicroRV.srcs/sources_1/bd/design_1/ip/design_1_processing_system7_0_0/design_1_processing_system7_0_0.xdc:62]
Resolution: Modify the set_property command to apply the property on the correct object type. Since the property is being applied as a scoped constraint, ensure the proper connectivity of the object port objects can be translated into pin objects. This could be due to the insertion of IO Buffers between the top level terminal and cell pin. If the goal is to apply constraints that will migrate to top level ports it is required that IO Buffers manually be instanced.
CRITICAL WARNING: [Netlist 29-160] Cannot set property 'slew', because the property does not exist for objects of type 'pin'. [d:/Dropbox/Studium/Bakk Arbeit/VivadoProject/PicroRV/PicroRV.srcs/sources_1/bd/design_1/ip/design_1_processing_system7_0_0/design_1_processing_system7_0_0.xdc:63]
Resolution: Modify the set_property command to apply the property on the correct object type. Since the property is being applied as a scoped constraint, ensure the proper connectivity of the object port objects can be translated into pin objects. This could be due to the insertion of IO Buffers between the top level terminal and cell pin. If the goal is to apply constraints that will migrate to top level ports it is required that IO Buffers manually be instanced.
CRITICAL WARNING: [Netlist 29-160] Cannot set property 'PIO_DIRECTION', because the property does not exist for objects of type 'pin'. [d:/Dropbox/Studium/Bakk Arbeit/VivadoProject/PicroRV/PicroRV.srcs/sources_1/bd/design_1/ip/design_1_processing_system7_0_0/design_1_processing_system7_0_0.xdc:64]
Resolution: Modify the set_property command to apply the property on the correct object type. Since the property is being applied as a scoped constraint, ensure the proper connectivity of the object port objects can be translated into pin objects. This could be due to the insertion of IO Buffers between the top level terminal and cell pin. If the goal is to apply constraints that will migrate to top level ports it is required that IO Buffers manually be instanced.
CRITICAL WARNING: [Netlist 29-160] Cannot set property 'iostandard', because the property does not exist for objects of type 'pin'. [d:/Dropbox/Studium/Bakk Arbeit/VivadoProject/PicroRV/PicroRV.srcs/sources_1/bd/design_1/ip/design_1_processing_system7_0_0/design_1_processing_system7_0_0.xdc:65]
Resolution: Modify the set_property command to apply the property on the correct object type. Since the property is being applied as a scoped constraint, ensure the proper connectivity of the object port objects can be translated into pin objects. This could be due to the insertion of IO Buffers between the top level terminal and cell pin. If the goal is to apply constraints that will migrate to top level ports it is required that IO Buffers manually be instanced.
CRITICAL WARNING: [Netlist 29-160] Cannot set property 'PACKAGE_PIN', because the property does not exist for objects of type 'pin'. [d:/Dropbox/Studium/Bakk Arbeit/VivadoProject/PicroRV/PicroRV.srcs/sources_1/bd/design_1/ip/design_1_processing_system7_0_0/design_1_processing_system7_0_0.xdc:66]
Resolution: Modify the set_property command to apply the property on the correct object type. Since the property is being applied as a scoped constraint, ensure the proper connectivity of the object port objects can be translated into pin objects. This could be due to the insertion of IO Buffers between the top level terminal and cell pin. If the goal is to apply constraints that will migrate to top level ports it is required that IO Buffers manually be instanced.
CRITICAL WARNING: [Netlist 29-160] Cannot set property 'slew', because the property does not exist for objects of type 'pin'. [d:/Dropbox/Studium/Bakk Arbeit/VivadoProject/PicroRV/PicroRV.srcs/sources_1/bd/design_1/ip/design_1_processing_system7_0_0/design_1_processing_system7_0_0.xdc:67]
Resolution: Modify the set_property command to apply the property on the correct object type. Since the property is being applied as a scoped constraint, ensure the proper connectivity of the object port objects can be translated into pin objects. This could be due to the insertion of IO Buffers between the top level terminal and cell pin. If the goal is to apply constraints that will migrate to top level ports it is required that IO Buffers manually be instanced.
CRITICAL WARNING: [Netlist 29-160] Cannot set property 'PIO_DIRECTION', because the property does not exist for objects of type 'pin'. [d:/Dropbox/Studium/Bakk Arbeit/VivadoProject/PicroRV/PicroRV.srcs/sources_1/bd/design_1/ip/design_1_processing_system7_0_0/design_1_processing_system7_0_0.xdc:68]
Resolution: Modify the set_property command to apply the property on the correct object type. Since the property is being applied as a scoped constraint, ensure the proper connectivity of the object port objects can be translated into pin objects. This could be due to the insertion of IO Buffers between the top level terminal and cell pin. If the goal is to apply constraints that will migrate to top level ports it is required that IO Buffers manually be instanced.
CRITICAL WARNING: [Netlist 29-160] Cannot set property 'iostandard', because the property does not exist for objects of type 'pin'. [d:/Dropbox/Studium/Bakk Arbeit/VivadoProject/PicroRV/PicroRV.srcs/sources_1/bd/design_1/ip/design_1_processing_system7_0_0/design_1_processing_system7_0_0.xdc:69]
Resolution: Modify the set_property command to apply the property on the correct object type. Since the property is being applied as a scoped constraint, ensure the proper connectivity of the object port objects can be translated into pin objects. This could be due to the insertion of IO Buffers between the top level terminal and cell pin. If the goal is to apply constraints that will migrate to top level ports it is required that IO Buffers manually be instanced.
CRITICAL WARNING: [Netlist 29-160] Cannot set property 'PACKAGE_PIN', because the property does not exist for objects of type 'pin'. [d:/Dropbox/Studium/Bakk Arbeit/VivadoProject/PicroRV/PicroRV.srcs/sources_1/bd/design_1/ip/design_1_processing_system7_0_0/design_1_processing_system7_0_0.xdc:70]
Resolution: Modify the set_property command to apply the property on the correct object type. Since the property is being applied as a scoped constraint, ensure the proper connectivity of the object port objects can be translated into pin objects. This could be due to the insertion of IO Buffers between the top level terminal and cell pin. If the goal is to apply constraints that will migrate to top level ports it is required that IO Buffers manually be instanced.
CRITICAL WARNING: [Netlist 29-160] Cannot set property 'slew', because the property does not exist for objects of type 'pin'. [d:/Dropbox/Studium/Bakk Arbeit/VivadoProject/PicroRV/PicroRV.srcs/sources_1/bd/design_1/ip/design_1_processing_system7_0_0/design_1_processing_system7_0_0.xdc:71]
Resolution: Modify the set_property command to apply the property on the correct object type. Since the property is being applied as a scoped constraint, ensure the proper connectivity of the object port objects can be translated into pin objects. This could be due to the insertion of IO Buffers between the top level terminal and cell pin. If the goal is to apply constraints that will migrate to top level ports it is required that IO Buffers manually be instanced.
CRITICAL WARNING: [Netlist 29-160] Cannot set property 'PIO_DIRECTION', because the property does not exist for objects of type 'pin'. [d:/Dropbox/Studium/Bakk Arbeit/VivadoProject/PicroRV/PicroRV.srcs/sources_1/bd/design_1/ip/design_1_processing_system7_0_0/design_1_processing_system7_0_0.xdc:72]
Resolution: Modify the set_property command to apply the property on the correct object type. Since the property is being applied as a scoped constraint, ensure the proper connectivity of the object port objects can be translated into pin objects. This could be due to the insertion of IO Buffers between the top level terminal and cell pin. If the goal is to apply constraints that will migrate to top level ports it is required that IO Buffers manually be instanced.
CRITICAL WARNING: [Netlist 29-160] Cannot set property 'iostandard', because the property does not exist for objects of type 'pin'. [d:/Dropbox/Studium/Bakk Arbeit/VivadoProject/PicroRV/PicroRV.srcs/sources_1/bd/design_1/ip/design_1_processing_system7_0_0/design_1_processing_system7_0_0.xdc:73]
Resolution: Modify the set_property command to apply the property on the correct object type. Since the property is being applied as a scoped constraint, ensure the proper connectivity of the object port objects can be translated into pin objects. This could be due to the insertion of IO Buffers between the top level terminal and cell pin. If the goal is to apply constraints that will migrate to top level ports it is required that IO Buffers manually be instanced.
CRITICAL WARNING: [Netlist 29-160] Cannot set property 'PACKAGE_PIN', because the property does not exist for objects of type 'pin'. [d:/Dropbox/Studium/Bakk Arbeit/VivadoProject/PicroRV/PicroRV.srcs/sources_1/bd/design_1/ip/design_1_processing_system7_0_0/design_1_processing_system7_0_0.xdc:74]
Resolution: Modify the set_property command to apply the property on the correct object type. Since the property is being applied as a scoped constraint, ensure the proper connectivity of the object port objects can be translated into pin objects. This could be due to the insertion of IO Buffers between the top level terminal and cell pin. If the goal is to apply constraints that will migrate to top level ports it is required that IO Buffers manually be instanced.
CRITICAL WARNING: [Netlist 29-160] Cannot set property 'slew', because the property does not exist for objects of type 'pin'. [d:/Dropbox/Studium/Bakk Arbeit/VivadoProject/PicroRV/PicroRV.srcs/sources_1/bd/design_1/ip/design_1_processing_system7_0_0/design_1_processing_system7_0_0.xdc:75]
Resolution: Modify the set_property command to apply the property on the correct object type. Since the property is being applied as a scoped constraint, ensure the proper connectivity of the object port objects can be translated into pin objects. This could be due to the insertion of IO Buffers between the top level terminal and cell pin. If the goal is to apply constraints that will migrate to top level ports it is required that IO Buffers manually be instanced.
CRITICAL WARNING: [Netlist 29-160] Cannot set property 'PIO_DIRECTION', because the property does not exist for objects of type 'pin'. [d:/Dropbox/Studium/Bakk Arbeit/VivadoProject/PicroRV/PicroRV.srcs/sources_1/bd/design_1/ip/design_1_processing_system7_0_0/design_1_processing_system7_0_0.xdc:76]
Resolution: Modify the set_property command to apply the property on the correct object type. Since the property is being applied as a scoped constraint, ensure the proper connectivity of the object port objects can be translated into pin objects. This could be due to the insertion of IO Buffers between the top level terminal and cell pin. If the goal is to apply constraints that will migrate to top level ports it is required that IO Buffers manually be instanced.
CRITICAL WARNING: [Netlist 29-160] Cannot set property 'iostandard', because the property does not exist for objects of type 'pin'. [d:/Dropbox/Studium/Bakk Arbeit/VivadoProject/PicroRV/PicroRV.srcs/sources_1/bd/design_1/ip/design_1_processing_system7_0_0/design_1_processing_system7_0_0.xdc:77]
Resolution: Modify the set_property command to apply the property on the correct object type. Since the property is being applied as a scoped constraint, ensure the proper connectivity of the object port objects can be translated into pin objects. This could be due to the insertion of IO Buffers between the top level terminal and cell pin. If the goal is to apply constraints that will migrate to top level ports it is required that IO Buffers manually be instanced.
CRITICAL WARNING: [Netlist 29-160] Cannot set property 'PACKAGE_PIN', because the property does not exist for objects of type 'pin'. [d:/Dropbox/Studium/Bakk Arbeit/VivadoProject/PicroRV/PicroRV.srcs/sources_1/bd/design_1/ip/design_1_processing_system7_0_0/design_1_processing_system7_0_0.xdc:78]
Resolution: Modify the set_property command to apply the property on the correct object type. Since the property is being applied as a scoped constraint, ensure the proper connectivity of the object port objects can be translated into pin objects. This could be due to the insertion of IO Buffers between the top level terminal and cell pin. If the goal is to apply constraints that will migrate to top level ports it is required that IO Buffers manually be instanced.
CRITICAL WARNING: [Netlist 29-160] Cannot set property 'slew', because the property does not exist for objects of type 'pin'. [d:/Dropbox/Studium/Bakk Arbeit/VivadoProject/PicroRV/PicroRV.srcs/sources_1/bd/design_1/ip/design_1_processing_system7_0_0/design_1_processing_system7_0_0.xdc:79]
Resolution: Modify the set_property command to apply the property on the correct object type. Since the property is being applied as a scoped constraint, ensure the proper connectivity of the object port objects can be translated into pin objects. This could be due to the insertion of IO Buffers between the top level terminal and cell pin. If the goal is to apply constraints that will migrate to top level ports it is required that IO Buffers manually be instanced.
CRITICAL WARNING: [Netlist 29-160] Cannot set property 'PIO_DIRECTION', because the property does not exist for objects of type 'pin'. [d:/Dropbox/Studium/Bakk Arbeit/VivadoProject/PicroRV/PicroRV.srcs/sources_1/bd/design_1/ip/design_1_processing_system7_0_0/design_1_processing_system7_0_0.xdc:80]
Resolution: Modify the set_property command to apply the property on the correct object type. Since the property is being applied as a scoped constraint, ensure the proper connectivity of the object port objects can be translated into pin objects. This could be due to the insertion of IO Buffers between the top level terminal and cell pin. If the goal is to apply constraints that will migrate to top level ports it is required that IO Buffers manually be instanced.
CRITICAL WARNING: [Netlist 29-160] Cannot set property 'iostandard', because the property does not exist for objects of type 'pin'. [d:/Dropbox/Studium/Bakk Arbeit/VivadoProject/PicroRV/PicroRV.srcs/sources_1/bd/design_1/ip/design_1_processing_system7_0_0/design_1_processing_system7_0_0.xdc:81]
Resolution: Modify the set_property command to apply the property on the correct object type. Since the property is being applied as a scoped constraint, ensure the proper connectivity of the object port objects can be translated into pin objects. This could be due to the insertion of IO Buffers between the top level terminal and cell pin. If the goal is to apply constraints that will migrate to top level ports it is required that IO Buffers manually be instanced.
CRITICAL WARNING: [Netlist 29-160] Cannot set property 'PACKAGE_PIN', because the property does not exist for objects of type 'pin'. [d:/Dropbox/Studium/Bakk Arbeit/VivadoProject/PicroRV/PicroRV.srcs/sources_1/bd/design_1/ip/design_1_processing_system7_0_0/design_1_processing_system7_0_0.xdc:82]
Resolution: Modify the set_property command to apply the property on the correct object type. Since the property is being applied as a scoped constraint, ensure the proper connectivity of the object port objects can be translated into pin objects. This could be due to the insertion of IO Buffers between the top level terminal and cell pin. If the goal is to apply constraints that will migrate to top level ports it is required that IO Buffers manually be instanced.
CRITICAL WARNING: [Netlist 29-160] Cannot set property 'slew', because the property does not exist for objects of type 'pin'. [d:/Dropbox/Studium/Bakk Arbeit/VivadoProject/PicroRV/PicroRV.srcs/sources_1/bd/design_1/ip/design_1_processing_system7_0_0/design_1_processing_system7_0_0.xdc:83]
Resolution: Modify the set_property command to apply the property on the correct object type. Since the property is being applied as a scoped constraint, ensure the proper connectivity of the object port objects can be translated into pin objects. This could be due to the insertion of IO Buffers between the top level terminal and cell pin. If the goal is to apply constraints that will migrate to top level ports it is required that IO Buffers manually be instanced.
CRITICAL WARNING: [Netlist 29-160] Cannot set property 'PIO_DIRECTION', because the property does not exist for objects of type 'pin'. [d:/Dropbox/Studium/Bakk Arbeit/VivadoProject/PicroRV/PicroRV.srcs/sources_1/bd/design_1/ip/design_1_processing_system7_0_0/design_1_processing_system7_0_0.xdc:84]
Resolution: Modify the set_property command to apply the property on the correct object type. Since the property is being applied as a scoped constraint, ensure the proper connectivity of the object port objects can be translated into pin objects. This could be due to the insertion of IO Buffers between the top level terminal and cell pin. If the goal is to apply constraints that will migrate to top level ports it is required that IO Buffers manually be instanced.
CRITICAL WARNING: [Netlist 29-160] Cannot set property 'iostandard', because the property does not exist for objects of type 'pin'. [d:/Dropbox/Studium/Bakk Arbeit/VivadoProject/PicroRV/PicroRV.srcs/sources_1/bd/design_1/ip/design_1_processing_system7_0_0/design_1_processing_system7_0_0.xdc:85]
Resolution: Modify the set_property command to apply the property on the correct object type. Since the property is being applied as a scoped constraint, ensure the proper connectivity of the object port objects can be translated into pin objects. This could be due to the insertion of IO Buffers between the top level terminal and cell pin. If the goal is to apply constraints that will migrate to top level ports it is required that IO Buffers manually be instanced.
CRITICAL WARNING: [Netlist 29-160] Cannot set property 'PACKAGE_PIN', because the property does not exist for objects of type 'pin'. [d:/Dropbox/Studium/Bakk Arbeit/VivadoProject/PicroRV/PicroRV.srcs/sources_1/bd/design_1/ip/design_1_processing_system7_0_0/design_1_processing_system7_0_0.xdc:86]
Resolution: Modify the set_property command to apply the property on the correct object type. Since the property is being applied as a scoped constraint, ensure the proper connectivity of the object port objects can be translated into pin objects. This could be due to the insertion of IO Buffers between the top level terminal and cell pin. If the goal is to apply constraints that will migrate to top level ports it is required that IO Buffers manually be instanced.
CRITICAL WARNING: [Netlist 29-160] Cannot set property 'slew', because the property does not exist for objects of type 'pin'. [d:/Dropbox/Studium/Bakk Arbeit/VivadoProject/PicroRV/PicroRV.srcs/sources_1/bd/design_1/ip/design_1_processing_system7_0_0/design_1_processing_system7_0_0.xdc:87]
Resolution: Modify the set_property command to apply the property on the correct object type. Since the property is being applied as a scoped constraint, ensure the proper connectivity of the object port objects can be translated into pin objects. This could be due to the insertion of IO Buffers between the top level terminal and cell pin. If the goal is to apply constraints that will migrate to top level ports it is required that IO Buffers manually be instanced.
CRITICAL WARNING: [Netlist 29-160] Cannot set property 'PIO_DIRECTION', because the property does not exist for objects of type 'pin'. [d:/Dropbox/Studium/Bakk Arbeit/VivadoProject/PicroRV/PicroRV.srcs/sources_1/bd/design_1/ip/design_1_processing_system7_0_0/design_1_processing_system7_0_0.xdc:88]
Resolution: Modify the set_property command to apply the property on the correct object type. Since the property is being applied as a scoped constraint, ensure the proper connectivity of the object port objects can be translated into pin objects. This could be due to the insertion of IO Buffers between the top level terminal and cell pin. If the goal is to apply constraints that will migrate to top level ports it is required that IO Buffers manually be instanced.
CRITICAL WARNING: [Netlist 29-160] Cannot set property 'iostandard', because the property does not exist for objects of type 'pin'. [d:/Dropbox/Studium/Bakk Arbeit/VivadoProject/PicroRV/PicroRV.srcs/sources_1/bd/design_1/ip/design_1_processing_system7_0_0/design_1_processing_system7_0_0.xdc:89]
Resolution: Modify the set_property command to apply the property on the correct object type. Since the property is being applied as a scoped constraint, ensure the proper connectivity of the object port objects can be translated into pin objects. This could be due to the insertion of IO Buffers between the top level terminal and cell pin. If the goal is to apply constraints that will migrate to top level ports it is required that IO Buffers manually be instanced.
CRITICAL WARNING: [Netlist 29-160] Cannot set property 'PACKAGE_PIN', because the property does not exist for objects of type 'pin'. [d:/Dropbox/Studium/Bakk Arbeit/VivadoProject/PicroRV/PicroRV.srcs/sources_1/bd/design_1/ip/design_1_processing_system7_0_0/design_1_processing_system7_0_0.xdc:90]
Resolution: Modify the set_property command to apply the property on the correct object type. Since the property is being applied as a scoped constraint, ensure the proper connectivity of the object port objects can be translated into pin objects. This could be due to the insertion of IO Buffers between the top level terminal and cell pin. If the goal is to apply constraints that will migrate to top level ports it is required that IO Buffers manually be instanced.
CRITICAL WARNING: [Netlist 29-160] Cannot set property 'slew', because the property does not exist for objects of type 'pin'. [d:/Dropbox/Studium/Bakk Arbeit/VivadoProject/PicroRV/PicroRV.srcs/sources_1/bd/design_1/ip/design_1_processing_system7_0_0/design_1_processing_system7_0_0.xdc:91]
Resolution: Modify the set_property command to apply the property on the correct object type. Since the property is being applied as a scoped constraint, ensure the proper connectivity of the object port objects can be translated into pin objects. This could be due to the insertion of IO Buffers between the top level terminal and cell pin. If the goal is to apply constraints that will migrate to top level ports it is required that IO Buffers manually be instanced.
CRITICAL WARNING: [Netlist 29-160] Cannot set property 'PIO_DIRECTION', because the property does not exist for objects of type 'pin'. [d:/Dropbox/Studium/Bakk Arbeit/VivadoProject/PicroRV/PicroRV.srcs/sources_1/bd/design_1/ip/design_1_processing_system7_0_0/design_1_processing_system7_0_0.xdc:92]
Resolution: Modify the set_property command to apply the property on the correct object type. Since the property is being applied as a scoped constraint, ensure the proper connectivity of the object port objects can be translated into pin objects. This could be due to the insertion of IO Buffers between the top level terminal and cell pin. If the goal is to apply constraints that will migrate to top level ports it is required that IO Buffers manually be instanced.
CRITICAL WARNING: [Netlist 29-160] Cannot set property 'iostandard', because the property does not exist for objects of type 'pin'. [d:/Dropbox/Studium/Bakk Arbeit/VivadoProject/PicroRV/PicroRV.srcs/sources_1/bd/design_1/ip/design_1_processing_system7_0_0/design_1_processing_system7_0_0.xdc:93]
Resolution: Modify the set_property command to apply the property on the correct object type. Since the property is being applied as a scoped constraint, ensure the proper connectivity of the object port objects can be translated into pin objects. This could be due to the insertion of IO Buffers between the top level terminal and cell pin. If the goal is to apply constraints that will migrate to top level ports it is required that IO Buffers manually be instanced.
CRITICAL WARNING: [Netlist 29-160] Cannot set property 'PACKAGE_PIN', because the property does not exist for objects of type 'pin'. [d:/Dropbox/Studium/Bakk Arbeit/VivadoProject/PicroRV/PicroRV.srcs/sources_1/bd/design_1/ip/design_1_processing_system7_0_0/design_1_processing_system7_0_0.xdc:94]
Resolution: Modify the set_property command to apply the property on the correct object type. Since the property is being applied as a scoped constraint, ensure the proper connectivity of the object port objects can be translated into pin objects. This could be due to the insertion of IO Buffers between the top level terminal and cell pin. If the goal is to apply constraints that will migrate to top level ports it is required that IO Buffers manually be instanced.
CRITICAL WARNING: [Netlist 29-160] Cannot set property 'slew', because the property does not exist for objects of type 'pin'. [d:/Dropbox/Studium/Bakk Arbeit/VivadoProject/PicroRV/PicroRV.srcs/sources_1/bd/design_1/ip/design_1_processing_system7_0_0/design_1_processing_system7_0_0.xdc:95]
Resolution: Modify the set_property command to apply the property on the correct object type. Since the property is being applied as a scoped constraint, ensure the proper connectivity of the object port objects can be translated into pin objects. This could be due to the insertion of IO Buffers between the top level terminal and cell pin. If the goal is to apply constraints that will migrate to top level ports it is required that IO Buffers manually be instanced.
CRITICAL WARNING: [Netlist 29-160] Cannot set property 'PIO_DIRECTION', because the property does not exist for objects of type 'pin'. [d:/Dropbox/Studium/Bakk Arbeit/VivadoProject/PicroRV/PicroRV.srcs/sources_1/bd/design_1/ip/design_1_processing_system7_0_0/design_1_processing_system7_0_0.xdc:96]
Resolution: Modify the set_property command to apply the property on the correct object type. Since the property is being applied as a scoped constraint, ensure the proper connectivity of the object port objects can be translated into pin objects. This could be due to the insertion of IO Buffers between the top level terminal and cell pin. If the goal is to apply constraints that will migrate to top level ports it is required that IO Buffers manually be instanced.
CRITICAL WARNING: [Netlist 29-160] Cannot set property 'iostandard', because the property does not exist for objects of type 'pin'. [d:/Dropbox/Studium/Bakk Arbeit/VivadoProject/PicroRV/PicroRV.srcs/sources_1/bd/design_1/ip/design_1_processing_system7_0_0/design_1_processing_system7_0_0.xdc:97]
Resolution: Modify the set_property command to apply the property on the correct object type. Since the property is being applied as a scoped constraint, ensure the proper connectivity of the object port objects can be translated into pin objects. This could be due to the insertion of IO Buffers between the top level terminal and cell pin. If the goal is to apply constraints that will migrate to top level ports it is required that IO Buffers manually be instanced.
CRITICAL WARNING: [Netlist 29-160] Cannot set property 'PACKAGE_PIN', because the property does not exist for objects of type 'pin'. [d:/Dropbox/Studium/Bakk Arbeit/VivadoProject/PicroRV/PicroRV.srcs/sources_1/bd/design_1/ip/design_1_processing_system7_0_0/design_1_processing_system7_0_0.xdc:98]
Resolution: Modify the set_property command to apply the property on the correct object type. Since the property is being applied as a scoped constraint, ensure the proper connectivity of the object port objects can be translated into pin objects. This could be due to the insertion of IO Buffers between the top level terminal and cell pin. If the goal is to apply constraints that will migrate to top level ports it is required that IO Buffers manually be instanced.
CRITICAL WARNING: [Netlist 29-160] Cannot set property 'slew', because the property does not exist for objects of type 'pin'. [d:/Dropbox/Studium/Bakk Arbeit/VivadoProject/PicroRV/PicroRV.srcs/sources_1/bd/design_1/ip/design_1_processing_system7_0_0/design_1_processing_system7_0_0.xdc:99]
Resolution: Modify the set_property command to apply the property on the correct object type. Since the property is being applied as a scoped constraint, ensure the proper connectivity of the object port objects can be translated into pin objects. This could be due to the insertion of IO Buffers between the top level terminal and cell pin. If the goal is to apply constraints that will migrate to top level ports it is required that IO Buffers manually be instanced.
CRITICAL WARNING: [Netlist 29-160] Cannot set property 'PIO_DIRECTION', because the property does not exist for objects of type 'pin'. [d:/Dropbox/Studium/Bakk Arbeit/VivadoProject/PicroRV/PicroRV.srcs/sources_1/bd/design_1/ip/design_1_processing_system7_0_0/design_1_processing_system7_0_0.xdc:100]
Resolution: Modify the set_property command to apply the property on the correct object type. Since the property is being applied as a scoped constraint, ensure the proper connectivity of the object port objects can be translated into pin objects. This could be due to the insertion of IO Buffers between the top level terminal and cell pin. If the goal is to apply constraints that will migrate to top level ports it is required that IO Buffers manually be instanced.
CRITICAL WARNING: [Netlist 29-160] Cannot set property 'iostandard', because the property does not exist for objects of type 'pin'. [d:/Dropbox/Studium/Bakk Arbeit/VivadoProject/PicroRV/PicroRV.srcs/sources_1/bd/design_1/ip/design_1_processing_system7_0_0/design_1_processing_system7_0_0.xdc:101]
Resolution: Modify the set_property command to apply the property on the correct object type. Since the property is being applied as a scoped constraint, ensure the proper connectivity of the object port objects can be translated into pin objects. This could be due to the insertion of IO Buffers between the top level terminal and cell pin. If the goal is to apply constraints that will migrate to top level ports it is required that IO Buffers manually be instanced.
CRITICAL WARNING: [Netlist 29-160] Cannot set property 'PACKAGE_PIN', because the property does not exist for objects of type 'pin'. [d:/Dropbox/Studium/Bakk Arbeit/VivadoProject/PicroRV/PicroRV.srcs/sources_1/bd/design_1/ip/design_1_processing_system7_0_0/design_1_processing_system7_0_0.xdc:102]
Resolution: Modify the set_property command to apply the property on the correct object type. Since the property is being applied as a scoped constraint, ensure the proper connectivity of the object port objects can be translated into pin objects. This could be due to the insertion of IO Buffers between the top level terminal and cell pin. If the goal is to apply constraints that will migrate to top level ports it is required that IO Buffers manually be instanced.
CRITICAL WARNING: [Netlist 29-160] Cannot set property 'slew', because the property does not exist for objects of type 'pin'. [d:/Dropbox/Studium/Bakk Arbeit/VivadoProject/PicroRV/PicroRV.srcs/sources_1/bd/design_1/ip/design_1_processing_system7_0_0/design_1_processing_system7_0_0.xdc:103]
Resolution: Modify the set_property command to apply the property on the correct object type. Since the property is being applied as a scoped constraint, ensure the proper connectivity of the object port objects can be translated into pin objects. This could be due to the insertion of IO Buffers between the top level terminal and cell pin. If the goal is to apply constraints that will migrate to top level ports it is required that IO Buffers manually be instanced.
CRITICAL WARNING: [Netlist 29-160] Cannot set property 'PIO_DIRECTION', because the property does not exist for objects of type 'pin'. [d:/Dropbox/Studium/Bakk Arbeit/VivadoProject/PicroRV/PicroRV.srcs/sources_1/bd/design_1/ip/design_1_processing_system7_0_0/design_1_processing_system7_0_0.xdc:104]
Resolution: Modify the set_property command to apply the property on the correct object type. Since the property is being applied as a scoped constraint, ensure the proper connectivity of the object port objects can be translated into pin objects. This could be due to the insertion of IO Buffers between the top level terminal and cell pin. If the goal is to apply constraints that will migrate to top level ports it is required that IO Buffers manually be instanced.
CRITICAL WARNING: [Netlist 29-160] Cannot set property 'iostandard', because the property does not exist for objects of type 'pin'. [d:/Dropbox/Studium/Bakk Arbeit/VivadoProject/PicroRV/PicroRV.srcs/sources_1/bd/design_1/ip/design_1_processing_system7_0_0/design_1_processing_system7_0_0.xdc:105]
Resolution: Modify the set_property command to apply the property on the correct object type. Since the property is being applied as a scoped constraint, ensure the proper connectivity of the object port objects can be translated into pin objects. This could be due to the insertion of IO Buffers between the top level terminal and cell pin. If the goal is to apply constraints that will migrate to top level ports it is required that IO Buffers manually be instanced.
CRITICAL WARNING: [Netlist 29-160] Cannot set property 'PACKAGE_PIN', because the property does not exist for objects of type 'pin'. [d:/Dropbox/Studium/Bakk Arbeit/VivadoProject/PicroRV/PicroRV.srcs/sources_1/bd/design_1/ip/design_1_processing_system7_0_0/design_1_processing_system7_0_0.xdc:106]
Resolution: Modify the set_property command to apply the property on the correct object type. Since the property is being applied as a scoped constraint, ensure the proper connectivity of the object port objects can be translated into pin objects. This could be due to the insertion of IO Buffers between the top level terminal and cell pin. If the goal is to apply constraints that will migrate to top level ports it is required that IO Buffers manually be instanced.
CRITICAL WARNING: [Netlist 29-160] Cannot set property 'slew', because the property does not exist for objects of type 'pin'. [d:/Dropbox/Studium/Bakk Arbeit/VivadoProject/PicroRV/PicroRV.srcs/sources_1/bd/design_1/ip/design_1_processing_system7_0_0/design_1_processing_system7_0_0.xdc:107]
Resolution: Modify the set_property command to apply the property on the correct object type. Since the property is being applied as a scoped constraint, ensure the proper connectivity of the object port objects can be translated into pin objects. This could be due to the insertion of IO Buffers between the top level terminal and cell pin. If the goal is to apply constraints that will migrate to top level ports it is required that IO Buffers manually be instanced.
CRITICAL WARNING: [Netlist 29-160] Cannot set property 'PIO_DIRECTION', because the property does not exist for objects of type 'pin'. [d:/Dropbox/Studium/Bakk Arbeit/VivadoProject/PicroRV/PicroRV.srcs/sources_1/bd/design_1/ip/design_1_processing_system7_0_0/design_1_processing_system7_0_0.xdc:108]
Resolution: Modify the set_property command to apply the property on the correct object type. Since the property is being applied as a scoped constraint, ensure the proper connectivity of the object port objects can be translated into pin objects. This could be due to the insertion of IO Buffers between the top level terminal and cell pin. If the goal is to apply constraints that will migrate to top level ports it is required that IO Buffers manually be instanced.
CRITICAL WARNING: [Netlist 29-160] Cannot set property 'iostandard', because the property does not exist for objects of type 'pin'. [d:/Dropbox/Studium/Bakk Arbeit/VivadoProject/PicroRV/PicroRV.srcs/sources_1/bd/design_1/ip/design_1_processing_system7_0_0/design_1_processing_system7_0_0.xdc:109]
Resolution: Modify the set_property command to apply the property on the correct object type. Since the property is being applied as a scoped constraint, ensure the proper connectivity of the object port objects can be translated into pin objects. This could be due to the insertion of IO Buffers between the top level terminal and cell pin. If the goal is to apply constraints that will migrate to top level ports it is required that IO Buffers manually be instanced.
CRITICAL WARNING: [Netlist 29-160] Cannot set property 'PACKAGE_PIN', because the property does not exist for objects of type 'pin'. [d:/Dropbox/Studium/Bakk Arbeit/VivadoProject/PicroRV/PicroRV.srcs/sources_1/bd/design_1/ip/design_1_processing_system7_0_0/design_1_processing_system7_0_0.xdc:110]
Resolution: Modify the set_property command to apply the property on the correct object type. Since the property is being applied as a scoped constraint, ensure the proper connectivity of the object port objects can be translated into pin objects. This could be due to the insertion of IO Buffers between the top level terminal and cell pin. If the goal is to apply constraints that will migrate to top level ports it is required that IO Buffers manually be instanced.
CRITICAL WARNING: [Netlist 29-160] Cannot set property 'slew', because the property does not exist for objects of type 'pin'. [d:/Dropbox/Studium/Bakk Arbeit/VivadoProject/PicroRV/PicroRV.srcs/sources_1/bd/design_1/ip/design_1_processing_system7_0_0/design_1_processing_system7_0_0.xdc:111]
Resolution: Modify the set_property command to apply the property on the correct object type. Since the property is being applied as a scoped constraint, ensure the proper connectivity of the object port objects can be translated into pin objects. This could be due to the insertion of IO Buffers between the top level terminal and cell pin. If the goal is to apply constraints that will migrate to top level ports it is required that IO Buffers manually be instanced.
CRITICAL WARNING: [Netlist 29-160] Cannot set property 'PIO_DIRECTION', because the property does not exist for objects of type 'pin'. [d:/Dropbox/Studium/Bakk Arbeit/VivadoProject/PicroRV/PicroRV.srcs/sources_1/bd/design_1/ip/design_1_processing_system7_0_0/design_1_processing_system7_0_0.xdc:112]
Resolution: Modify the set_property command to apply the property on the correct object type. Since the property is being applied as a scoped constraint, ensure the proper connectivity of the object port objects can be translated into pin objects. This could be due to the insertion of IO Buffers between the top level terminal and cell pin. If the goal is to apply constraints that will migrate to top level ports it is required that IO Buffers manually be instanced.
CRITICAL WARNING: [Netlist 29-160] Cannot set property 'iostandard', because the property does not exist for objects of type 'pin'. [d:/Dropbox/Studium/Bakk Arbeit/VivadoProject/PicroRV/PicroRV.srcs/sources_1/bd/design_1/ip/design_1_processing_system7_0_0/design_1_processing_system7_0_0.xdc:113]
Resolution: Modify the set_property command to apply the property on the correct object type. Since the property is being applied as a scoped constraint, ensure the proper connectivity of the object port objects can be translated into pin objects. This could be due to the insertion of IO Buffers between the top level terminal and cell pin. If the goal is to apply constraints that will migrate to top level ports it is required that IO Buffers manually be instanced.
CRITICAL WARNING: [Netlist 29-160] Cannot set property 'PACKAGE_PIN', because the property does not exist for objects of type 'pin'. [d:/Dropbox/Studium/Bakk Arbeit/VivadoProject/PicroRV/PicroRV.srcs/sources_1/bd/design_1/ip/design_1_processing_system7_0_0/design_1_processing_system7_0_0.xdc:114]
Resolution: Modify the set_property command to apply the property on the correct object type. Since the property is being applied as a scoped constraint, ensure the proper connectivity of the object port objects can be translated into pin objects. This could be due to the insertion of IO Buffers between the top level terminal and cell pin. If the goal is to apply constraints that will migrate to top level ports it is required that IO Buffers manually be instanced.
CRITICAL WARNING: [Netlist 29-160] Cannot set property 'slew', because the property does not exist for objects of type 'pin'. [d:/Dropbox/Studium/Bakk Arbeit/VivadoProject/PicroRV/PicroRV.srcs/sources_1/bd/design_1/ip/design_1_processing_system7_0_0/design_1_processing_system7_0_0.xdc:115]
Resolution: Modify the set_property command to apply the property on the correct object type. Since the property is being applied as a scoped constraint, ensure the proper connectivity of the object port objects can be translated into pin objects. This could be due to the insertion of IO Buffers between the top level terminal and cell pin. If the goal is to apply constraints that will migrate to top level ports it is required that IO Buffers manually be instanced.
CRITICAL WARNING: [Netlist 29-160] Cannot set property 'PIO_DIRECTION', because the property does not exist for objects of type 'pin'. [d:/Dropbox/Studium/Bakk Arbeit/VivadoProject/PicroRV/PicroRV.srcs/sources_1/bd/design_1/ip/design_1_processing_system7_0_0/design_1_processing_system7_0_0.xdc:116]
Resolution: Modify the set_property command to apply the property on the correct object type. Since the property is being applied as a scoped constraint, ensure the proper connectivity of the object port objects can be translated into pin objects. This could be due to the insertion of IO Buffers between the top level terminal and cell pin. If the goal is to apply constraints that will migrate to top level ports it is required that IO Buffers manually be instanced.
CRITICAL WARNING: [Netlist 29-160] Cannot set property 'iostandard', because the property does not exist for objects of type 'pin'. [d:/Dropbox/Studium/Bakk Arbeit/VivadoProject/PicroRV/PicroRV.srcs/sources_1/bd/design_1/ip/design_1_processing_system7_0_0/design_1_processing_system7_0_0.xdc:117]
Resolution: Modify the set_property command to apply the property on the correct object type. Since the property is being applied as a scoped constraint, ensure the proper connectivity of the object port objects can be translated into pin objects. This could be due to the insertion of IO Buffers between the top level terminal and cell pin. If the goal is to apply constraints that will migrate to top level ports it is required that IO Buffers manually be instanced.
CRITICAL WARNING: [Netlist 29-160] Cannot set property 'PACKAGE_PIN', because the property does not exist for objects of type 'pin'. [d:/Dropbox/Studium/Bakk Arbeit/VivadoProject/PicroRV/PicroRV.srcs/sources_1/bd/design_1/ip/design_1_processing_system7_0_0/design_1_processing_system7_0_0.xdc:118]
Resolution: Modify the set_property command to apply the property on the correct object type. Since the property is being applied as a scoped constraint, ensure the proper connectivity of the object port objects can be translated into pin objects. This could be due to the insertion of IO Buffers between the top level terminal and cell pin. If the goal is to apply constraints that will migrate to top level ports it is required that IO Buffers manually be instanced.
CRITICAL WARNING: [Netlist 29-160] Cannot set property 'slew', because the property does not exist for objects of type 'pin'. [d:/Dropbox/Studium/Bakk Arbeit/VivadoProject/PicroRV/PicroRV.srcs/sources_1/bd/design_1/ip/design_1_processing_system7_0_0/design_1_processing_system7_0_0.xdc:119]
Resolution: Modify the set_property command to apply the property on the correct object type. Since the property is being applied as a scoped constraint, ensure the proper connectivity of the object port objects can be translated into pin objects. This could be due to the insertion of IO Buffers between the top level terminal and cell pin. If the goal is to apply constraints that will migrate to top level ports it is required that IO Buffers manually be instanced.
CRITICAL WARNING: [Netlist 29-160] Cannot set property 'PIO_DIRECTION', because the property does not exist for objects of type 'pin'. [d:/Dropbox/Studium/Bakk Arbeit/VivadoProject/PicroRV/PicroRV.srcs/sources_1/bd/design_1/ip/design_1_processing_system7_0_0/design_1_processing_system7_0_0.xdc:120]
Resolution: Modify the set_property command to apply the property on the correct object type. Since the property is being applied as a scoped constraint, ensure the proper connectivity of the object port objects can be translated into pin objects. This could be due to the insertion of IO Buffers between the top level terminal and cell pin. If the goal is to apply constraints that will migrate to top level ports it is required that IO Buffers manually be instanced.
CRITICAL WARNING: [Netlist 29-160] Cannot set property 'iostandard', because the property does not exist for objects of type 'pin'. [d:/Dropbox/Studium/Bakk Arbeit/VivadoProject/PicroRV/PicroRV.srcs/sources_1/bd/design_1/ip/design_1_processing_system7_0_0/design_1_processing_system7_0_0.xdc:121]
Resolution: Modify the set_property command to apply the property on the correct object type. Since the property is being applied as a scoped constraint, ensure the proper connectivity of the object port objects can be translated into pin objects. This could be due to the insertion of IO Buffers between the top level terminal and cell pin. If the goal is to apply constraints that will migrate to top level ports it is required that IO Buffers manually be instanced.
CRITICAL WARNING: [Netlist 29-160] Cannot set property 'PACKAGE_PIN', because the property does not exist for objects of type 'pin'. [d:/Dropbox/Studium/Bakk Arbeit/VivadoProject/PicroRV/PicroRV.srcs/sources_1/bd/design_1/ip/design_1_processing_system7_0_0/design_1_processing_system7_0_0.xdc:122]
Resolution: Modify the set_property command to apply the property on the correct object type. Since the property is being applied as a scoped constraint, ensure the proper connectivity of the object port objects can be translated into pin objects. This could be due to the insertion of IO Buffers between the top level terminal and cell pin. If the goal is to apply constraints that will migrate to top level ports it is required that IO Buffers manually be instanced.
CRITICAL WARNING: [Netlist 29-160] Cannot set property 'slew', because the property does not exist for objects of type 'pin'. [d:/Dropbox/Studium/Bakk Arbeit/VivadoProject/PicroRV/PicroRV.srcs/sources_1/bd/design_1/ip/design_1_processing_system7_0_0/design_1_processing_system7_0_0.xdc:123]
Resolution: Modify the set_property command to apply the property on the correct object type. Since the property is being applied as a scoped constraint, ensure the proper connectivity of the object port objects can be translated into pin objects. This could be due to the insertion of IO Buffers between the top level terminal and cell pin. If the goal is to apply constraints that will migrate to top level ports it is required that IO Buffers manually be instanced.
CRITICAL WARNING: [Netlist 29-160] Cannot set property 'PIO_DIRECTION', because the property does not exist for objects of type 'pin'. [d:/Dropbox/Studium/Bakk Arbeit/VivadoProject/PicroRV/PicroRV.srcs/sources_1/bd/design_1/ip/design_1_processing_system7_0_0/design_1_processing_system7_0_0.xdc:124]
Resolution: Modify the set_property command to apply the property on the correct object type. Since the property is being applied as a scoped constraint, ensure the proper connectivity of the object port objects can be translated into pin objects. This could be due to the insertion of IO Buffers between the top level terminal and cell pin. If the goal is to apply constraints that will migrate to top level ports it is required that IO Buffers manually be instanced.
CRITICAL WARNING: [Netlist 29-160] Cannot set property 'iostandard', because the property does not exist for objects of type 'pin'. [d:/Dropbox/Studium/Bakk Arbeit/VivadoProject/PicroRV/PicroRV.srcs/sources_1/bd/design_1/ip/design_1_processing_system7_0_0/design_1_processing_system7_0_0.xdc:125]
Resolution: Modify the set_property command to apply the property on the correct object type. Since the property is being applied as a scoped constraint, ensure the proper connectivity of the object port objects can be translated into pin objects. This could be due to the insertion of IO Buffers between the top level terminal and cell pin. If the goal is to apply constraints that will migrate to top level ports it is required that IO Buffers manually be instanced.
CRITICAL WARNING: [Netlist 29-160] Cannot set property 'PACKAGE_PIN', because the property does not exist for objects of type 'pin'. [d:/Dropbox/Studium/Bakk Arbeit/VivadoProject/PicroRV/PicroRV.srcs/sources_1/bd/design_1/ip/design_1_processing_system7_0_0/design_1_processing_system7_0_0.xdc:126]
Resolution: Modify the set_property command to apply the property on the correct object type. Since the property is being applied as a scoped constraint, ensure the proper connectivity of the object port objects can be translated into pin objects. This could be due to the insertion of IO Buffers between the top level terminal and cell pin. If the goal is to apply constraints that will migrate to top level ports it is required that IO Buffers manually be instanced.
CRITICAL WARNING: [Netlist 29-160] Cannot set property 'slew', because the property does not exist for objects of type 'pin'. [d:/Dropbox/Studium/Bakk Arbeit/VivadoProject/PicroRV/PicroRV.srcs/sources_1/bd/design_1/ip/design_1_processing_system7_0_0/design_1_processing_system7_0_0.xdc:127]
Resolution: Modify the set_property command to apply the property on the correct object type. Since the property is being applied as a scoped constraint, ensure the proper connectivity of the object port objects can be translated into pin objects. This could be due to the insertion of IO Buffers between the top level terminal and cell pin. If the goal is to apply constraints that will migrate to top level ports it is required that IO Buffers manually be instanced.
CRITICAL WARNING: [Netlist 29-160] Cannot set property 'PIO_DIRECTION', because the property does not exist for objects of type 'pin'. [d:/Dropbox/Studium/Bakk Arbeit/VivadoProject/PicroRV/PicroRV.srcs/sources_1/bd/design_1/ip/design_1_processing_system7_0_0/design_1_processing_system7_0_0.xdc:128]
Resolution: Modify the set_property command to apply the property on the correct object type. Since the property is being applied as a scoped constraint, ensure the proper connectivity of the object port objects can be translated into pin objects. This could be due to the insertion of IO Buffers between the top level terminal and cell pin. If the goal is to apply constraints that will migrate to top level ports it is required that IO Buffers manually be instanced.
INFO: [Common 17-14] Message 'Netlist 29-160' appears 100 times and further instances of the messages will be disabled. Use the Tcl command set_msg_config to change the current settings. [d:/Dropbox/Studium/Bakk Arbeit/VivadoProject/PicroRV/PicroRV.srcs/sources_1/bd/design_1/ip/design_1_processing_system7_0_0/design_1_processing_system7_0_0.xdc:128]
Finished Parsing XDC File [d:/Dropbox/Studium/Bakk Arbeit/VivadoProject/PicroRV/PicroRV.srcs/sources_1/bd/design_1/ip/design_1_processing_system7_0_0/design_1_processing_system7_0_0.xdc] for cell 'design_1_i/processing_system7_0/inst'
Parsing XDC File [D:/Dropbox/Studium/Bakk Arbeit/VivadoProject/PicroRV/PicroRV.srcs/constrs_1/new/picorv32_axi.xdc]
Finished Parsing XDC File [D:/Dropbox/Studium/Bakk Arbeit/VivadoProject/PicroRV/PicroRV.srcs/constrs_1/new/picorv32_axi.xdc]
INFO: [Opt 31-138] Pushed 0 inverter(s) to 0 load pin(s).
INFO: [Project 1-111] Unisim Transformation Summary:
  A total of 12 instances were transformed.
  RAM32M => RAM32M (RAMD32, RAMD32, RAMD32, RAMD32, RAMD32, RAMD32, RAMS32, RAMS32): 12 instances

open_run: Time (s): cpu = 00:00:16 ; elapsed = 00:00:13 . Memory (MB): peak = 1684.188 ; gain = 193.750
place_ports trap V14
place_ports resetn W15
save_constraints
launch_runs impl_1 -to_step write_bitstream -jobs 4
Writing placer database...
Writing XDEF routing.
Writing XDEF routing logical nets.
Writing XDEF routing special nets.
Write XDEF Complete: Time (s): cpu = 00:00:01 ; elapsed = 00:00:00.200 . Memory (MB): peak = 2076.242 ; gain = 0.000
[Tue Oct 24 22:45:56 2017] Launched impl_1...
Run output will be captured here: D:/BakkArbeit_git/VivadoProject/PicroRV/PicroRV.runs/impl_1/runme.log
reset_run synth_1
launch_runs synth_1 -jobs 4
[Tue Oct 24 22:48:42 2017] Launched synth_1...
Run output will be captured here: D:/BakkArbeit_git/VivadoProject/PicroRV/PicroRV.runs/synth_1/runme.log
launch_runs impl_1 -jobs 4
WARNING: [Project 1-478] Design 'synth_1' is stale and will not be used when launching 'impl_1'
[Tue Oct 24 22:51:17 2017] Launched impl_1...
Run output will be captured here: D:/BakkArbeit_git/VivadoProject/PicroRV/PicroRV.runs/impl_1/runme.log
launch_runs impl_1 -to_step write_bitstream -jobs 4
[Tue Oct 24 22:53:35 2017] Launched impl_1...
Run output will be captured here: D:/BakkArbeit_git/VivadoProject/PicroRV/PicroRV.runs/impl_1/runme.log
refresh_design
INFO: [Netlist 29-17] Analyzing 105 Unisim elements for replacement
INFO: [Netlist 29-28] Unisim Transformation completed in 0 CPU seconds
WARNING: [Netlist 29-101] Netlist 'design_1_wrapper' is not ideal for floorplanning, since the cellview 'picorv32' contains a large number of primitives.  Please consider enabling hierarchy in synthesis if you want to do floorplanning.
INFO: [Project 1-479] Netlist was created with Vivado 2017.2
INFO: [Project 1-570] Preparing netlist for logic optimization
Parsing XDC File [d:/Dropbox/Studium/Bakk Arbeit/VivadoProject/PicroRV/PicroRV.srcs/sources_1/bd/design_1/ip/design_1_processing_system7_0_0/design_1_processing_system7_0_0.xdc] for cell 'design_1_i/processing_system7_0/inst'
Finished Parsing XDC File [d:/Dropbox/Studium/Bakk Arbeit/VivadoProject/PicroRV/PicroRV.srcs/sources_1/bd/design_1/ip/design_1_processing_system7_0_0/design_1_processing_system7_0_0.xdc] for cell 'design_1_i/processing_system7_0/inst'
Parsing XDC File [D:/Dropbox/Studium/Bakk Arbeit/VivadoProject/PicroRV/PicroRV.srcs/constrs_1/new/picorv32_axi.xdc]
Finished Parsing XDC File [D:/Dropbox/Studium/Bakk Arbeit/VivadoProject/PicroRV/PicroRV.srcs/constrs_1/new/picorv32_axi.xdc]
INFO: [Opt 31-138] Pushed 0 inverter(s) to 0 load pin(s).
refresh_design: Time (s): cpu = 00:00:15 ; elapsed = 00:00:09 . Memory (MB): peak = 2090.867 ; gain = 8.980
set_property IOSTANDARD LVCMOS18 [get_ports [list clk]]
set_property IOSTANDARD LVCMOS18 [get_ports [list resetn]]
set_property IOSTANDARD LVCMOS18 [get_ports [list trap]]
save_constraints
reset_run impl_1
launch_runs impl_1 -jobs 4
Writing placer database...
Writing XDEF routing.
Writing XDEF routing logical nets.
Writing XDEF routing special nets.
Write XDEF Complete: Time (s): cpu = 00:00:00 ; elapsed = 00:00:00.136 . Memory (MB): peak = 2097.434 ; gain = 0.000
[Tue Oct 24 22:57:14 2017] Launched impl_1...
Run output will be captured here: D:/BakkArbeit_git/VivadoProject/PicroRV/PicroRV.runs/impl_1/runme.log
launch_runs impl_1 -to_step write_bitstream -jobs 4
[Tue Oct 24 22:59:35 2017] Launched impl_1...
Run output will be captured here: D:/BakkArbeit_git/VivadoProject/PicroRV/PicroRV.runs/impl_1/runme.log
exit
INFO: [Common 17-206] Exiting Vivado at Tue Oct 24 23:01:11 2017...
