#-----------------------------------------------------------
# Vivado v2017.2 (64-bit)
# SW Build 1909853 on Thu Jun 15 18:39:09 MDT 2017
# IP Build 1909766 on Thu Jun 15 19:58:00 MDT 2017
# Start of session at: Thu Oct 26 21:34:11 2017
# Process ID: 5600
# Current directory: D:/BakkArbeit/git/VivadoProject/PicroRV
# Command line: vivado.exe -gui_launcher_event rodinguilauncherevent2252 D:\BakkArbeit\git\VivadoProject\PicroRV\PicroRV.xpr
# Log file: D:/BakkArbeit/git/VivadoProject/PicroRV/vivado.log
# Journal file: D:/BakkArbeit/git/VivadoProject/PicroRV\vivado.jou
#-----------------------------------------------------------
start_gui
open_project D:/BakkArbeit/git/VivadoProject/PicroRV/PicroRV.xpr
Scanning sources...
Finished scanning sources
INFO: [IP_Flow 19-234] Refreshing IP repositories
INFO: [IP_Flow 19-1704] No user IP repositories specified
INFO: [IP_Flow 19-2313] Loaded Vivado IP repository 'D:/Vivado2017/Vivado/2017.2/data/ip'.
open_project: Time (s): cpu = 00:00:14 ; elapsed = 00:00:12 . Memory (MB): peak = 794.457 ; gain = 103.570
update_compile_order -fileset sources_1
remove_files  D:/BakkArbeit/git/VivadoProject/PicroRV/PicroRV.srcs/sources_1/new/clk_divider.v
open_bd_design {D:/Dropbox/Studium/Bakk Arbeit/VivadoProject/PicroRV/PicroRV.srcs/sources_1/bd/design_1/design_1.bd}
Adding cell -- xilinx.com:module_ref:picorv32_axi:1.0 - picorv32_axi_0
Adding cell -- xilinx.com:ip:blk_mem_gen:8.3 - blk_mem_gen_0
Adding cell -- xilinx.com:ip:axi_bram_ctrl:4.0 - axi_bram_ctrl_0
Adding cell -- xilinx.com:ip:processing_system7:5.5 - processing_system7_0
Adding cell -- xilinx.com:module_ref:UART_datagenerator:1.0 - UART_datagenerator_0
Successfully read diagram <design_1> from BD file <D:/Dropbox/Studium/Bakk Arbeit/VivadoProject/PicroRV/PicroRV.srcs/sources_1/bd/design_1/design_1.bd>
open_bd_design: Time (s): cpu = 00:00:09 ; elapsed = 00:00:11 . Memory (MB): peak = 848.430 ; gain = 45.969
WARNING: [IP_Flow 19-474] Invalid Parameter 'Component_Name'
WARNING: [IP_Flow 19-474] Invalid Parameter 'Component_Name'
ps7_post_config
invalid command name "ps7_post_config"
file mkdir D:/BakkArbeit/git/VivadoProject/PicroRV/PicroRV.sdk
write_hwdef -force  -file D:/BakkArbeit/git/VivadoProject/PicroRV/PicroRV.sdk/design_1_wrapper.hdf
open_hw
connect_hw_server
INFO: [Labtools 27-2285] Connecting to hw_server url TCP:localhost:3121
open_hw_target
INFO: [Labtoolstcl 44-466] Opening hw_target localhost:3121/xilinx_tcf/Digilent/210248685889
set_property PROGRAM.FILE {D:/BakkArbeit/git/VivadoProject/PicroRV/PicroRV.runs/impl_1/design_1_wrapper.bit} [get_hw_devices xc7z020_1]
current_hw_device [get_hw_devices xc7z020_1]
refresh_hw_device -update_hw_probes false [lindex [get_hw_devices xc7z020_1] 0]
INFO: [Labtools 27-1434] Device xc7z020 (JTAG device index = 1) is programmed with a design that has no supported debug core(s) in it.
WARNING: [Labtools 27-3361] The debug hub core was not detected.
Resolution: 
1. Make sure the clock connected to the debug hub (dbg_hub) core is a free running clock and is active.
2. Make sure the BSCAN_SWITCH_USER_MASK device property in Vivado Hardware Manager reflects the user scan chain setting in the design and refresh the device.  To determine the user scan chain setting in the design, open the implemented design and use 'get_property C_USER_SCAN_CHAIN [get_debug_cores dbg_hub]'.
For more details on setting the scan chain property, consult the Vivado Debug and Programming User Guide (UG908).
set_property PROBES.FILE {} [get_hw_devices xc7z020_1]
set_property FULL_PROBES.FILE {} [get_hw_devices xc7z020_1]
set_property PROGRAM.FILE {D:/BakkArbeit/git/VivadoProject/PicroRV/PicroRV.runs/impl_1/design_1_wrapper.bit} [get_hw_devices xc7z020_1]
program_hw_devices [get_hw_devices xc7z020_1]
INFO: [Labtools 27-3164] End of startup status: HIGH
refresh_hw_device [lindex [get_hw_devices xc7z020_1] 0]
INFO: [Labtools 27-1434] Device xc7z020 (JTAG device index = 1) is programmed with a design that has no supported debug core(s) in it.
WARNING: [Labtools 27-3361] The debug hub core was not detected.
Resolution: 
1. Make sure the clock connected to the debug hub (dbg_hub) core is a free running clock and is active.
2. Make sure the BSCAN_SWITCH_USER_MASK device property in Vivado Hardware Manager reflects the user scan chain setting in the design and refresh the device.  To determine the user scan chain setting in the design, open the implemented design and use 'get_property C_USER_SCAN_CHAIN [get_debug_cores dbg_hub]'.
For more details on setting the scan chain property, consult the Vivado Debug and Programming User Guide (UG908).
exit
INFO: [Common 17-206] Exiting Vivado at Thu Oct 26 22:29:33 2017...
